<?xml version="1.0" encoding="UTF-8" ?>
<testsuite tests="9" failures="1" name="com.oddschecker.paperpuzzle.TextProcessorTest" time="2.124" errors="0" skipped="0">
  <properties>
[...]
</properties>
  <testcase classname="com.oddschecker.paperpuzzle.TextProcessorTest" name="checkIfFragmentsAreSeparatedCorrectly" time="0.017"/>
  <testcase classname="com.oddschecker.paperpuzzle.TextProcessorTest" name="checkIf_2_words_not_entirely_substrings_can_be_merged_correctly" time="0.031"/>
  <testcase classname="com.oddschecker.paperpuzzle.TextProcessorTest" name="checkIfSentencesAreAssembledCorrectly" time="0.317"/>
  <testcase classname="com.oddschecker.paperpuzzle.TextProcessorTest" name="checkIfFragmentsAreSeparatedCorrectlyWithLongerSequence" time="0"/>
  <testcase classname="com.oddschecker.paperpuzzle.TextProcessorTest" name="checkIfStringContainsAnotherStringFragment" time="0"/>
  <testcase classname="com.oddschecker.paperpuzzle.TextProcessorTest" name="checkIf_2_words_not_entirely_substrings_can_be_merged" time="0"/>
  <testcase classname="com.oddschecker.paperpuzzle.TextProcessorTest" name="checkIfSentencesAreAssembledCorrectlyWithLongerSequence" time="1.758">
    <failure message="expected:&lt;[Neque porro quisquam est, qui dolorem ipsum quia dolor sit amet, consectetur, adipisci velit, sed quia non numquam eius modi tempora incidunt ut labore et dolore magnam aliquam quaerat voluptatem.]&gt; but was:&lt;[[iquam quaerat voluptatem., Neque porro quisquam est, qui dolorem ipsum quia dolor sit amet, consectetur, adipisci velit, sed quia non numquam ei dolorem ipsum qu, pora incidunt ut labore et dolore magnam aliquam quam eius modi tempora incid]]&gt;" type="org.junit.ComparisonFailure">org.junit.ComparisonFailure: expected:&lt;[Neque porro quisquam est, qui dolorem ipsum quia dolor sit amet, consectetur, adipisci velit, sed quia non numquam eius modi tempora incidunt ut labore et dolore magnam aliquam quaerat voluptatem.]&gt; but was:&lt;[[iquam quaerat voluptatem., Neque porro quisquam est, qui dolorem ipsum quia dolor sit amet, consectetur, adipisci velit, sed quia non numquam ei dolorem ipsum qu, pora incidunt ut labore et dolore magnam aliquam quam eius modi tempora incid]]&gt;
	at org.junit.Assert.assertEquals(Assert.java:115)
	at org.junit.Assert.assertEquals(Assert.java:144)
	at com.oddschecker.paperpuzzle.TextProcessorTest.checkIfSentencesAreAssembledCorrectlyWithLongerSequence(TextProcessorTest.java:88)
	at sun.reflect.NativeMethodAccessorImpl.invoke0(Native Method)
	at sun.reflect.NativeMethodAccessorImpl.invoke(NativeMethodAccessorImpl.java:62)
	at sun.reflect.DelegatingMethodAccessorImpl.invoke(DelegatingMethodAccessorImpl.java:43)
	at java.lang.reflect.Method.invoke(Method.java:498)
	at org.junit.runners.model.FrameworkMethod$1.runReflectiveCall(FrameworkMethod.java:50)
	at org.junit.internal.runners.model.ReflectiveCallable.run(ReflectiveCallable.java:12)
	at org.junit.runners.model.FrameworkMethod.invokeExplosively(FrameworkMethod.java:47)
	at org.junit.internal.runners.statements.InvokeMethod.evaluate(InvokeMethod.java:17)
	at org.junit.runners.ParentRunner.runLeaf(ParentRunner.java:325)
	at org.junit.runners.BlockJUnit4ClassRunner.runChild(BlockJUnit4ClassRunner.java:78)
	at org.junit.runners.BlockJUnit4ClassRunner.runChild(BlockJUnit4ClassRunner.java:57)
	at org.junit.runners.ParentRunner$3.run(ParentRunner.java:290)
	at org.junit.runners.ParentRunner$1.schedule(ParentRunner.java:71)
	at org.junit.runners.ParentRunner.runChildren(ParentRunner.java:288)
	at org.junit.runners.ParentRunner.access$000(ParentRunner.java:58)
	at org.junit.runners.ParentRunner$2.evaluate(ParentRunner.java:268)
	at org.junit.runners.ParentRunner.run(ParentRunner.java:363)
	at org.apache.maven.surefire.junit4.JUnit4Provider.execute(JUnit4Provider.java:252)
	at org.apache.maven.surefire.junit4.JUnit4Provider.executeTestSet(JUnit4Provider.java:141)
	at org.apache.maven.surefire.junit4.JUnit4Provider.invoke(JUnit4Provider.java:112)
	at sun.reflect.NativeMethodAccessorImpl.invoke0(Native Method)
	at sun.reflect.NativeMethodAccessorImpl.invoke(NativeMethodAccessorImpl.java:62)
	at sun.reflect.DelegatingMethodAccessorImpl.invoke(DelegatingMethodAccessorImpl.java:43)
	at java.lang.reflect.Method.invoke(Method.java:498)
	at org.apache.maven.surefire.util.ReflectionUtils.invokeMethodWithArray(ReflectionUtils.java:189)
	at org.apache.maven.surefire.booter.ProviderFactory$ProviderProxy.invoke(ProviderFactory.java:165)
	at org.apache.maven.surefire.booter.ProviderFactory.invokeProvider(ProviderFactory.java:85)
	at org.apache.maven.surefire.booter.ForkedBooter.runSuitesInProcess(ForkedBooter.java:115)
	at org.apache.maven.surefire.booter.ForkedBooter.main(ForkedBooter.java:75)
</failure>
    <system-out>Checking m quaerat voluptatem. against pora incidunt ut labore et d
highestCommon was 0  vs common 0
Checking m quaerat voluptatem. against , consectetur, adipisci velit
highestCommon was 0  vs common 0
Checking m quaerat voluptatem. against olore magnam aliqua
highestCommon was 0  vs common 0
Checking m quaerat voluptatem. against idunt ut labore et dolore magn
highestCommon was 0  vs common 0
Checking m quaerat voluptatem. against uptatem.
highestCommon was 8  vs common 8
Checking m quaerat voluptatem. against i dolorem ipsum qu
highestCommon was 8  vs common 4
Checking m quaerat voluptatem. against iquam quaerat vol
highestCommon was 13  vs common 13
Checking m quaerat voluptatem. against psum quia dolor sit amet, consectetur, a
highestCommon was 13  vs common 0
Checking m quaerat voluptatem. against ia dolor sit amet, conse
highestCommon was 13  vs common 0
Checking m quaerat voluptatem. against squam est, qui do
highestCommon was 13  vs common 0
Checking m quaerat voluptatem. against Neque porro quisquam est, qu
highestCommon was 13  vs common 0
Checking m quaerat voluptatem. against aerat voluptatem.
highestCommon was 17  vs common 17
Checking m quaerat voluptatem. against m eius modi tem
highestCommon was 17  vs common 1
Checking m quaerat voluptatem. against Neque porro qui
highestCommon was 17  vs common 0
Checking m quaerat voluptatem. against , sed quia non numquam ei
highestCommon was 17  vs common 0
Checking m quaerat voluptatem. against lorem ipsum quia dolor sit amet
highestCommon was 17  vs common 0
Checking m quaerat voluptatem. against ctetur, adipisci velit, sed quia non numq
highestCommon was 17  vs common 0
Checking m quaerat voluptatem. against unt ut labore et dolore magnam aliquam qu
highestCommon was 17  vs common 4
Checking m quaerat voluptatem. against dipisci velit, sed quia non numqua
highestCommon was 17  vs common 0
Checking m quaerat voluptatem. against us modi tempora incid
highestCommon was 17  vs common 0
Checking m quaerat voluptatem. against Neque porro quisquam est, qui dolorem i
highestCommon was 17  vs common 0
Checking m quaerat voluptatem. against uam eius modi tem
highestCommon was 17  vs common 1
Checking m quaerat voluptatem. against pora inc
highestCommon was 17  vs common 0
Checking m quaerat voluptatem. against am al
highestCommon was 17  vs common 0
Checking pora incidunt ut labore et d against m quaerat voluptatem.
highestCommon was 17  vs common 0
Checking pora incidunt ut labore et d against , consectetur, adipisci velit
highestCommon was 17  vs common 0
Checking pora incidunt ut labore et d against olore magnam aliqua
highestCommon was 17  vs common 0
Checking pora incidunt ut labore et d against idunt ut labore et dolore magn
highestCommon was 20  vs common 20
Checking pora incidunt ut labore et d against uptatem.
highestCommon was 20  vs common 0
Checking pora incidunt ut labore et d against i dolorem ipsum qu
highestCommon was 20  vs common 0
Checking pora incidunt ut labore et d against iquam quaerat vol
highestCommon was 20  vs common 0
Checking pora incidunt ut labore et d against psum quia dolor sit amet, consectetur, a
highestCommon was 20  vs common 0
Checking pora incidunt ut labore et d against ia dolor sit amet, conse
highestCommon was 20  vs common 0
Checking pora incidunt ut labore et d against squam est, qui do
highestCommon was 20  vs common 0
Checking pora incidunt ut labore et d against Neque porro quisquam est, qu
highestCommon was 20  vs common 0
Checking pora incidunt ut labore et d against aerat voluptatem.
highestCommon was 20  vs common 0
Checking pora incidunt ut labore et d against m eius modi tem
highestCommon was 20  vs common 0
Checking pora incidunt ut labore et d against Neque porro qui
highestCommon was 20  vs common 0
Checking pora incidunt ut labore et d against , sed quia non numquam ei
highestCommon was 20  vs common 0
Checking pora incidunt ut labore et d against lorem ipsum quia dolor sit amet
highestCommon was 20  vs common 0
Checking pora incidunt ut labore et d against ctetur, adipisci velit, sed quia non numq
highestCommon was 20  vs common 0
Checking pora incidunt ut labore et d against unt ut labore et dolore magnam aliquam qu
highestCommon was 20  vs common 18
Checking pora incidunt ut labore et d against dipisci velit, sed quia non numqua
highestCommon was 20  vs common 1
Checking pora incidunt ut labore et d against us modi tempora incid
highestCommon was 20  vs common 10
Checking pora incidunt ut labore et d against Neque porro quisquam est, qui dolorem i
highestCommon was 20  vs common 0
Checking pora incidunt ut labore et d against uam eius modi tem
highestCommon was 20  vs common 0
Checking pora incidunt ut labore et d against pora inc
highestCommon was 20  vs common 8
Checking pora incidunt ut labore et d against am al
highestCommon was 20  vs common 0
Checking , consectetur, adipisci velit against m quaerat voluptatem.
highestCommon was 20  vs common 0
Checking , consectetur, adipisci velit against pora incidunt ut labore et d
highestCommon was 20  vs common 0
Checking , consectetur, adipisci velit against olore magnam aliqua
highestCommon was 20  vs common 0
Checking , consectetur, adipisci velit against idunt ut labore et dolore magn
highestCommon was 20  vs common 0
Checking , consectetur, adipisci velit against uptatem.
highestCommon was 20  vs common 0
Checking , consectetur, adipisci velit against i dolorem ipsum qu
highestCommon was 20  vs common 0
Checking , consectetur, adipisci velit against iquam quaerat vol
highestCommon was 20  vs common 0
Checking , consectetur, adipisci velit against psum quia dolor sit amet, consectetur, a
highestCommon was 20  vs common 16
Checking , consectetur, adipisci velit against ia dolor sit amet, conse
highestCommon was 20  vs common 7
Checking , consectetur, adipisci velit against squam est, qui do
highestCommon was 20  vs common 0
Checking , consectetur, adipisci velit against Neque porro quisquam est, qu
highestCommon was 20  vs common 0
Checking , consectetur, adipisci velit against aerat voluptatem.
highestCommon was 20  vs common 0
Checking , consectetur, adipisci velit against m eius modi tem
highestCommon was 20  vs common 0
Checking , consectetur, adipisci velit against Neque porro qui
highestCommon was 20  vs common 0
Checking , consectetur, adipisci velit against , sed quia non numquam ei
highestCommon was 20  vs common 0
Checking , consectetur, adipisci velit against lorem ipsum quia dolor sit amet
highestCommon was 20  vs common 0
Checking , consectetur, adipisci velit against ctetur, adipisci velit, sed quia non numq
highestCommon was 22  vs common 22
Checking , consectetur, adipisci velit against unt ut labore et dolore magnam aliquam qu
highestCommon was 22  vs common 0
Checking , consectetur, adipisci velit against dipisci velit, sed quia non numqua
highestCommon was 22  vs common 13
Checking , consectetur, adipisci velit against us modi tempora incid
highestCommon was 22  vs common 0
Checking , consectetur, adipisci velit against Neque porro quisquam est, qui dolorem i
highestCommon was 22  vs common 0
Checking , consectetur, adipisci velit against uam eius modi tem
highestCommon was 22  vs common 0
Checking , consectetur, adipisci velit against pora inc
highestCommon was 22  vs common 0
Checking , consectetur, adipisci velit against am al
highestCommon was 22  vs common 0
Checking olore magnam aliqua against m quaerat voluptatem.
highestCommon was 22  vs common 0
Checking olore magnam aliqua against pora incidunt ut labore et d
highestCommon was 22  vs common 0
Checking olore magnam aliqua against , consectetur, adipisci velit
highestCommon was 22  vs common 0
Checking olore magnam aliqua against idunt ut labore et dolore magn
highestCommon was 22  vs common 10
Checking olore magnam aliqua against uptatem.
highestCommon was 22  vs common 0
Checking olore magnam aliqua against i dolorem ipsum qu
highestCommon was 22  vs common 0
Checking olore magnam aliqua against iquam quaerat vol
highestCommon was 22  vs common 4
Checking olore magnam aliqua against psum quia dolor sit amet, consectetur, a
highestCommon was 22  vs common 0
Checking olore magnam aliqua against ia dolor sit amet, conse
highestCommon was 22  vs common 0
Checking olore magnam aliqua against squam est, qui do
highestCommon was 22  vs common 1
Checking olore magnam aliqua against Neque porro quisquam est, qu
highestCommon was 22  vs common 0
Checking olore magnam aliqua against aerat voluptatem.
highestCommon was 22  vs common 1
Checking olore magnam aliqua against m eius modi tem
highestCommon was 22  vs common 0
Checking olore magnam aliqua against Neque porro qui
highestCommon was 22  vs common 0
Checking olore magnam aliqua against , sed quia non numquam ei
highestCommon was 22  vs common 0
Checking olore magnam aliqua against lorem ipsum quia dolor sit amet
highestCommon was 22  vs common 0
Checking olore magnam aliqua against ctetur, adipisci velit, sed quia non numq
highestCommon was 22  vs common 0
Checking olore magnam aliqua against unt ut labore et dolore magnam aliquam qu
highestCommon was 22  vs common 19
Checking olore magnam aliqua against dipisci velit, sed quia non numqua
highestCommon was 22  vs common 0
Checking olore magnam aliqua against us modi tempora incid
highestCommon was 22  vs common 0
Checking olore magnam aliqua against Neque porro quisquam est, qui dolorem i
highestCommon was 22  vs common 0
Checking olore magnam aliqua against uam eius modi tem
highestCommon was 22  vs common 2
Checking olore magnam aliqua against pora inc
highestCommon was 22  vs common 0
Checking olore magnam aliqua against am al
highestCommon was 22  vs common 1
Checking idunt ut labore et dolore magn against m quaerat voluptatem.
highestCommon was 22  vs common 0
Checking idunt ut labore et dolore magn against pora incidunt ut labore et d
highestCommon was 22  vs common 20
Checking idunt ut labore et dolore magn against , consectetur, adipisci velit
highestCommon was 22  vs common 0
Checking idunt ut labore et dolore magn against olore magnam aliqua
highestCommon was 22  vs common 10
Checking idunt ut labore et dolore magn against uptatem.
highestCommon was 22  vs common 0
Checking idunt ut labore et dolore magn against i dolorem ipsum qu
highestCommon was 22  vs common 0
Checking idunt ut labore et dolore magn against iquam quaerat vol
highestCommon was 22  vs common 0
Checking idunt ut labore et dolore magn against psum quia dolor sit amet, consectetur, a
highestCommon was 22  vs common 0
Checking idunt ut labore et dolore magn against ia dolor sit amet, conse
highestCommon was 22  vs common 0
Checking idunt ut labore et dolore magn against squam est, qui do
highestCommon was 22  vs common 0
Checking idunt ut labore et dolore magn against Neque porro quisquam est, qu
highestCommon was 22  vs common 0
Checking idunt ut labore et dolore magn against aerat voluptatem.
highestCommon was 22  vs common 0
Checking idunt ut labore et dolore magn against m eius modi tem
highestCommon was 22  vs common 0
Checking idunt ut labore et dolore magn against Neque porro qui
highestCommon was 22  vs common 1
Checking idunt ut labore et dolore magn against , sed quia non numquam ei
highestCommon was 22  vs common 1
Checking idunt ut labore et dolore magn against lorem ipsum quia dolor sit amet
highestCommon was 22  vs common 0
Checking idunt ut labore et dolore magn against ctetur, adipisci velit, sed quia non numq
highestCommon was 22  vs common 0
Checking idunt ut labore et dolore magn against unt ut labore et dolore magnam aliquam qu
highestCommon was 28  vs common 28
Checking idunt ut labore et dolore magn against dipisci velit, sed quia non numqua
highestCommon was 28  vs common 0
Checking idunt ut labore et dolore magn against us modi tempora incid
highestCommon was 28  vs common 2
Checking idunt ut labore et dolore magn against Neque porro quisquam est, qui dolorem i
highestCommon was 28  vs common 1
Checking idunt ut labore et dolore magn against uam eius modi tem
highestCommon was 28  vs common 0
Checking idunt ut labore et dolore magn against pora inc
highestCommon was 28  vs common 0
Checking idunt ut labore et dolore magn against am al
highestCommon was 28  vs common 0
Checking uptatem. against m quaerat voluptatem.
highestCommon was 28  vs common 8
Checking uptatem. against pora incidunt ut labore et d
highestCommon was 28  vs common 0
Checking uptatem. against , consectetur, adipisci velit
highestCommon was 28  vs common 0
Checking uptatem. against olore magnam aliqua
highestCommon was 28  vs common 0
Checking uptatem. against idunt ut labore et dolore magn
highestCommon was 28  vs common 0
Checking uptatem. against i dolorem ipsum qu
highestCommon was 28  vs common 1
Checking uptatem. against iquam quaerat vol
highestCommon was 28  vs common 0
Checking uptatem. against psum quia dolor sit amet, consectetur, a
highestCommon was 28  vs common 0
Checking uptatem. against ia dolor sit amet, conse
highestCommon was 28  vs common 0
Checking uptatem. against squam est, qui do
highestCommon was 28  vs common 0
Checking uptatem. against Neque porro quisquam est, qu
highestCommon was 28  vs common 1
Checking uptatem. against aerat voluptatem.
highestCommon was 28  vs common 8
Checking uptatem. against m eius modi tem
highestCommon was 28  vs common 0
Checking uptatem. against Neque porro qui
highestCommon was 28  vs common 0
Checking uptatem. against , sed quia non numquam ei
highestCommon was 28  vs common 0
Checking uptatem. against lorem ipsum quia dolor sit amet
highestCommon was 28  vs common 0
Checking uptatem. against ctetur, adipisci velit, sed quia non numq
highestCommon was 28  vs common 0
Checking uptatem. against unt ut labore et dolore magnam aliquam qu
highestCommon was 28  vs common 1
Checking uptatem. against dipisci velit, sed quia non numqua
highestCommon was 28  vs common 0
Checking uptatem. against us modi tempora incid
highestCommon was 28  vs common 0
Checking uptatem. against Neque porro quisquam est, qui dolorem i
highestCommon was 28  vs common 0
Checking uptatem. against uam eius modi tem
highestCommon was 28  vs common 0
Checking uptatem. against pora inc
highestCommon was 28  vs common 0
Checking uptatem. against am al
highestCommon was 28  vs common 0
Checking i dolorem ipsum qu against m quaerat voluptatem.
highestCommon was 28  vs common 4
Checking i dolorem ipsum qu against pora incidunt ut labore et d
highestCommon was 28  vs common 0
Checking i dolorem ipsum qu against , consectetur, adipisci velit
highestCommon was 28  vs common 0
Checking i dolorem ipsum qu against olore magnam aliqua
highestCommon was 28  vs common 0
Checking i dolorem ipsum qu against idunt ut labore et dolore magn
highestCommon was 28  vs common 0
Checking i dolorem ipsum qu against uptatem.
highestCommon was 28  vs common 1
Checking i dolorem ipsum qu against iquam quaerat vol
highestCommon was 28  vs common 0
Checking i dolorem ipsum qu against psum quia dolor sit amet, consectetur, a
highestCommon was 28  vs common 7
Checking i dolorem ipsum qu against ia dolor sit amet, conse
highestCommon was 28  vs common 0
Checking i dolorem ipsum qu against squam est, qui do
highestCommon was 28  vs common 4
Checking i dolorem ipsum qu against Neque porro quisquam est, qu
highestCommon was 28  vs common 0
Checking i dolorem ipsum qu against aerat voluptatem.
highestCommon was 28  vs common 0
Checking i dolorem ipsum qu against m eius modi tem
highestCommon was 28  vs common 0
Checking i dolorem ipsum qu against Neque porro qui
highestCommon was 28  vs common 1
Checking i dolorem ipsum qu against , sed quia non numquam ei
highestCommon was 28  vs common 1
Checking i dolorem ipsum qu against lorem ipsum quia dolor sit amet
highestCommon was 28  vs common 14
Checking i dolorem ipsum qu against ctetur, adipisci velit, sed quia non numq
highestCommon was 28  vs common 0
Checking i dolorem ipsum qu against unt ut labore et dolore magnam aliquam qu
highestCommon was 28  vs common 1
Checking i dolorem ipsum qu against dipisci velit, sed quia non numqua
highestCommon was 28  vs common 0
Checking i dolorem ipsum qu against us modi tempora incid
highestCommon was 28  vs common 1
Checking i dolorem ipsum qu against Neque porro quisquam est, qui dolorem i
highestCommon was 28  vs common 11
Checking i dolorem ipsum qu against uam eius modi tem
highestCommon was 28  vs common 1
Checking i dolorem ipsum qu against pora inc
highestCommon was 28  vs common 0
Checking i dolorem ipsum qu against am al
highestCommon was 28  vs common 0
Checking iquam quaerat vol against m quaerat voluptatem.
highestCommon was 28  vs common 13
Checking iquam quaerat vol against pora incidunt ut labore et d
highestCommon was 28  vs common 0
Checking iquam quaerat vol against , consectetur, adipisci velit
highestCommon was 28  vs common 0
Checking iquam quaerat vol against olore magnam aliqua
highestCommon was 28  vs common 2
Checking iquam quaerat vol against idunt ut labore et dolore magn
highestCommon was 28  vs common 0
Checking iquam quaerat vol against uptatem.
highestCommon was 28  vs common 0
Checking iquam quaerat vol against i dolorem ipsum qu
highestCommon was 28  vs common 0
Checking iquam quaerat vol against psum quia dolor sit amet, consectetur, a
highestCommon was 28  vs common 0
Checking iquam quaerat vol against ia dolor sit amet, conse
highestCommon was 28  vs common 0
Checking iquam quaerat vol against squam est, qui do
highestCommon was 28  vs common 0
Checking iquam quaerat vol against Neque porro quisquam est, qu
highestCommon was 28  vs common 0
Checking iquam quaerat vol against aerat voluptatem.
highestCommon was 28  vs common 9
Checking iquam quaerat vol against m eius modi tem
highestCommon was 28  vs common 0
Checking iquam quaerat vol against Neque porro qui
highestCommon was 28  vs common 1
Checking iquam quaerat vol against , sed quia non numquam ei
highestCommon was 28  vs common 1
Checking iquam quaerat vol against lorem ipsum quia dolor sit amet
highestCommon was 28  vs common 1
Checking iquam quaerat vol against ctetur, adipisci velit, sed quia non numq
highestCommon was 28  vs common 0
Checking iquam quaerat vol against unt ut labore et dolore magnam aliquam qu
highestCommon was 28  vs common 8
Checking iquam quaerat vol against dipisci velit, sed quia non numqua
highestCommon was 28  vs common 0
Checking iquam quaerat vol against us modi tempora incid
highestCommon was 28  vs common 0
Checking iquam quaerat vol against Neque porro quisquam est, qui dolorem i
highestCommon was 28  vs common 1
Checking iquam quaerat vol against uam eius modi tem
highestCommon was 28  vs common 0
Checking iquam quaerat vol against pora inc
highestCommon was 28  vs common 0
Checking iquam quaerat vol against am al
highestCommon was 28  vs common 0
Checking psum quia dolor sit amet, consectetur, a against m quaerat voluptatem.
highestCommon was 28  vs common 0
Checking psum quia dolor sit amet, consectetur, a against pora incidunt ut labore et d
highestCommon was 28  vs common 0
Checking psum quia dolor sit amet, consectetur, a against , consectetur, adipisci velit
highestCommon was 28  vs common 16
Checking psum quia dolor sit amet, consectetur, a against olore magnam aliqua
highestCommon was 28  vs common 0
Checking psum quia dolor sit amet, consectetur, a against idunt ut labore et dolore magn
highestCommon was 28  vs common 0
Checking psum quia dolor sit amet, consectetur, a against uptatem.
highestCommon was 28  vs common 0
Checking psum quia dolor sit amet, consectetur, a against i dolorem ipsum qu
highestCommon was 28  vs common 7
Checking psum quia dolor sit amet, consectetur, a against iquam quaerat vol
highestCommon was 28  vs common 0
Checking psum quia dolor sit amet, consectetur, a against ia dolor sit amet, conse
highestCommon was 28  vs common 24
Checking psum quia dolor sit amet, consectetur, a against squam est, qui do
highestCommon was 28  vs common 0
Checking psum quia dolor sit amet, consectetur, a against Neque porro quisquam est, qu
highestCommon was 28  vs common 0
Checking psum quia dolor sit amet, consectetur, a against aerat voluptatem.
highestCommon was 28  vs common 1
Checking psum quia dolor sit amet, consectetur, a against m eius modi tem
highestCommon was 28  vs common 0
Checking psum quia dolor sit amet, consectetur, a against Neque porro qui
highestCommon was 28  vs common 0
Checking psum quia dolor sit amet, consectetur, a against , sed quia non numquam ei
highestCommon was 28  vs common 0
Checking psum quia dolor sit amet, consectetur, a against lorem ipsum quia dolor sit amet
highestCommon was 28  vs common 24
Checking psum quia dolor sit amet, consectetur, a against ctetur, adipisci velit, sed quia non numq
highestCommon was 28  vs common 9
Checking psum quia dolor sit amet, consectetur, a against unt ut labore et dolore magnam aliquam qu
highestCommon was 28  vs common 0
Checking psum quia dolor sit amet, consectetur, a against dipisci velit, sed quia non numqua
highestCommon was 28  vs common 0
Checking psum quia dolor sit amet, consectetur, a against us modi tempora incid
highestCommon was 28  vs common 0
Checking psum quia dolor sit amet, consectetur, a against Neque porro quisquam est, qui dolorem i
highestCommon was 28  vs common 0
Checking psum quia dolor sit amet, consectetur, a against uam eius modi tem
highestCommon was 28  vs common 0
Checking psum quia dolor sit amet, consectetur, a against pora inc
highestCommon was 28  vs common 0
Checking psum quia dolor sit amet, consectetur, a against am al
highestCommon was 28  vs common 1
Checking ia dolor sit amet, conse against m quaerat voluptatem.
highestCommon was 28  vs common 0
Checking ia dolor sit amet, conse against pora incidunt ut labore et d
highestCommon was 28  vs common 0
Checking ia dolor sit amet, conse against , consectetur, adipisci velit
highestCommon was 28  vs common 7
Checking ia dolor sit amet, conse against olore magnam aliqua
highestCommon was 28  vs common 0
Checking ia dolor sit amet, conse against idunt ut labore et dolore magn
highestCommon was 28  vs common 0
Checking ia dolor sit amet, conse against uptatem.
highestCommon was 28  vs common 0
Checking ia dolor sit amet, conse against i dolorem ipsum qu
highestCommon was 28  vs common 0
Checking ia dolor sit amet, conse against iquam quaerat vol
highestCommon was 28  vs common 0
Checking ia dolor sit amet, conse against psum quia dolor sit amet, consectetur, a
highestCommon was 28  vs common 24
Checking ia dolor sit amet, conse against squam est, qui do
highestCommon was 28  vs common 0
Checking ia dolor sit amet, conse against Neque porro quisquam est, qu
highestCommon was 28  vs common 0
Checking ia dolor sit amet, conse against aerat voluptatem.
highestCommon was 28  vs common 0
Checking ia dolor sit amet, conse against m eius modi tem
highestCommon was 28  vs common 0
Checking ia dolor sit amet, conse against Neque porro qui
highestCommon was 28  vs common 1
Checking ia dolor sit amet, conse against , sed quia non numquam ei
highestCommon was 28  vs common 1
Checking ia dolor sit amet, conse against lorem ipsum quia dolor sit amet
highestCommon was 28  vs common 17
Checking ia dolor sit amet, conse against ctetur, adipisci velit, sed quia non numq
highestCommon was 28  vs common 0
Checking ia dolor sit amet, conse against unt ut labore et dolore magnam aliquam qu
highestCommon was 28  vs common 0
Checking ia dolor sit amet, conse against dipisci velit, sed quia non numqua
highestCommon was 28  vs common 0
Checking ia dolor sit amet, conse against us modi tempora incid
highestCommon was 28  vs common 0
Checking ia dolor sit amet, conse against Neque porro quisquam est, qui dolorem i
highestCommon was 28  vs common 1
Checking ia dolor sit amet, conse against uam eius modi tem
highestCommon was 28  vs common 0
Checking ia dolor sit amet, conse against pora inc
highestCommon was 28  vs common 0
Checking ia dolor sit amet, conse against am al
highestCommon was 28  vs common 0
Checking squam est, qui do against m quaerat voluptatem.
highestCommon was 28  vs common 0
Checking squam est, qui do against pora incidunt ut labore et d
highestCommon was 28  vs common 0
Checking squam est, qui do against , consectetur, adipisci velit
highestCommon was 28  vs common 0
Checking squam est, qui do against olore magnam aliqua
highestCommon was 28  vs common 1
Checking squam est, qui do against idunt ut labore et dolore magn
highestCommon was 28  vs common 0
Checking squam est, qui do against uptatem.
highestCommon was 28  vs common 0
Checking squam est, qui do against i dolorem ipsum qu
highestCommon was 28  vs common 4
Checking squam est, qui do against iquam quaerat vol
highestCommon was 28  vs common 0
Checking squam est, qui do against psum quia dolor sit amet, consectetur, a
highestCommon was 28  vs common 0
Checking squam est, qui do against ia dolor sit amet, conse
highestCommon was 28  vs common 0
Checking squam est, qui do against Neque porro quisquam est, qu
highestCommon was 28  vs common 13
Checking squam est, qui do against aerat voluptatem.
highestCommon was 28  vs common 0
Checking squam est, qui do against m eius modi tem
highestCommon was 28  vs common 0
Checking squam est, qui do against Neque porro qui
highestCommon was 28  vs common 0
Checking squam est, qui do against , sed quia non numquam ei
highestCommon was 28  vs common 0
Checking squam est, qui do against lorem ipsum quia dolor sit amet
highestCommon was 28  vs common 0
Checking squam est, qui do against ctetur, adipisci velit, sed quia non numq
highestCommon was 28  vs common 0
Checking squam est, qui do against unt ut labore et dolore magnam aliquam qu
highestCommon was 28  vs common 0
Checking squam est, qui do against dipisci velit, sed quia non numqua
highestCommon was 28  vs common 0
Checking squam est, qui do against us modi tempora incid
highestCommon was 28  vs common 0
Checking squam est, qui do against Neque porro quisquam est, qui dolorem i
highestCommon was 28  vs common 17
Checking squam est, qui do against uam eius modi tem
highestCommon was 28  vs common 0
Checking squam est, qui do against pora inc
highestCommon was 28  vs common 0
Checking squam est, qui do against am al
highestCommon was 28  vs common 0
Checking Neque porro quisquam est, qu against m quaerat voluptatem.
highestCommon was 28  vs common 0
Checking Neque porro quisquam est, qu against pora incidunt ut labore et d
highestCommon was 28  vs common 0
Checking Neque porro quisquam est, qu against , consectetur, adipisci velit
highestCommon was 28  vs common 0
Checking Neque porro quisquam est, qu against olore magnam aliqua
highestCommon was 28  vs common 0
Checking Neque porro quisquam est, qu against idunt ut labore et dolore magn
highestCommon was 28  vs common 0
Checking Neque porro quisquam est, qu against uptatem.
highestCommon was 28  vs common 1
Checking Neque porro quisquam est, qu against i dolorem ipsum qu
highestCommon was 28  vs common 0
Checking Neque porro quisquam est, qu against iquam quaerat vol
highestCommon was 28  vs common 0
Checking Neque porro quisquam est, qu against psum quia dolor sit amet, consectetur, a
highestCommon was 28  vs common 0
Checking Neque porro quisquam est, qu against ia dolor sit amet, conse
highestCommon was 28  vs common 0
Checking Neque porro quisquam est, qu against squam est, qui do
highestCommon was 28  vs common 13
Checking Neque porro quisquam est, qu against aerat voluptatem.
highestCommon was 28  vs common 0
Checking Neque porro quisquam est, qu against m eius modi tem
highestCommon was 28  vs common 0
Checking Neque porro quisquam est, qu against Neque porro qui
highestCommon was 28  vs common 15
Checking Neque porro quisquam est, qu against , sed quia non numquam ei
highestCommon was 28  vs common 0
Checking Neque porro quisquam est, qu against lorem ipsum quia dolor sit amet
highestCommon was 28  vs common 0
Checking Neque porro quisquam est, qu against ctetur, adipisci velit, sed quia non numq
highestCommon was 28  vs common 0
Checking Neque porro quisquam est, qu against unt ut labore et dolore magnam aliquam qu
highestCommon was 28  vs common 1
Checking Neque porro quisquam est, qu against dipisci velit, sed quia non numqua
highestCommon was 28  vs common 0
Checking Neque porro quisquam est, qu against us modi tempora incid
highestCommon was 28  vs common 1
Checking Neque porro quisquam est, qu against Neque porro quisquam est, qui dolorem i
highestCommon was 28  vs common 28
Checking Neque porro quisquam est, qu against uam eius modi tem
highestCommon was 28  vs common 1
Checking Neque porro quisquam est, qu against pora inc
highestCommon was 28  vs common 0
Checking Neque porro quisquam est, qu against am al
highestCommon was 28  vs common 0
Checking aerat voluptatem. against m quaerat voluptatem.
highestCommon was 28  vs common 17
Checking aerat voluptatem. against pora incidunt ut labore et d
highestCommon was 28  vs common 0
Checking aerat voluptatem. against , consectetur, adipisci velit
highestCommon was 28  vs common 0
Checking aerat voluptatem. against olore magnam aliqua
highestCommon was 28  vs common 1
Checking aerat voluptatem. against idunt ut labore et dolore magn
highestCommon was 28  vs common 0
Checking aerat voluptatem. against uptatem.
highestCommon was 28  vs common 8
Checking aerat voluptatem. against i dolorem ipsum qu
highestCommon was 28  vs common 0
Checking aerat voluptatem. against iquam quaerat vol
highestCommon was 28  vs common 9
Checking aerat voluptatem. against psum quia dolor sit amet, consectetur, a
highestCommon was 28  vs common 1
Checking aerat voluptatem. against ia dolor sit amet, conse
highestCommon was 28  vs common 0
Checking aerat voluptatem. against squam est, qui do
highestCommon was 28  vs common 0
Checking aerat voluptatem. against Neque porro quisquam est, qu
highestCommon was 28  vs common 0
Checking aerat voluptatem. against m eius modi tem
highestCommon was 28  vs common 0
Checking aerat voluptatem. against Neque porro qui
highestCommon was 28  vs common 0
Checking aerat voluptatem. against , sed quia non numquam ei
highestCommon was 28  vs common 0
Checking aerat voluptatem. against lorem ipsum quia dolor sit amet
highestCommon was 28  vs common 0
Checking aerat voluptatem. against ctetur, adipisci velit, sed quia non numq
highestCommon was 28  vs common 0
Checking aerat voluptatem. against unt ut labore et dolore magnam aliquam qu
highestCommon was 28  vs common 0
Checking aerat voluptatem. against dipisci velit, sed quia non numqua
highestCommon was 28  vs common 1
Checking aerat voluptatem. against us modi tempora incid
highestCommon was 28  vs common 0
Checking aerat voluptatem. against Neque porro quisquam est, qui dolorem i
highestCommon was 28  vs common 0
Checking aerat voluptatem. against uam eius modi tem
highestCommon was 28  vs common 0
Checking aerat voluptatem. against pora inc
highestCommon was 28  vs common 0
Checking aerat voluptatem. against am al
highestCommon was 28  vs common 0
Checking m eius modi tem against m quaerat voluptatem.
highestCommon was 28  vs common 1
Checking m eius modi tem against pora incidunt ut labore et d
highestCommon was 28  vs common 0
Checking m eius modi tem against , consectetur, adipisci velit
highestCommon was 28  vs common 0
Checking m eius modi tem against olore magnam aliqua
highestCommon was 28  vs common 0
Checking m eius modi tem against idunt ut labore et dolore magn
highestCommon was 28  vs common 0
Checking m eius modi tem against uptatem.
highestCommon was 28  vs common 0
Checking m eius modi tem against i dolorem ipsum qu
highestCommon was 28  vs common 0
Checking m eius modi tem against iquam quaerat vol
highestCommon was 28  vs common 0
Checking m eius modi tem against psum quia dolor sit amet, consectetur, a
highestCommon was 28  vs common 0
Checking m eius modi tem against ia dolor sit amet, conse
highestCommon was 28  vs common 0
Checking m eius modi tem against squam est, qui do
highestCommon was 28  vs common 0
Checking m eius modi tem against Neque porro quisquam est, qu
highestCommon was 28  vs common 0
Checking m eius modi tem against aerat voluptatem.
highestCommon was 28  vs common 0
Checking m eius modi tem against Neque porro qui
highestCommon was 28  vs common 0
Checking m eius modi tem against , sed quia non numquam ei
highestCommon was 28  vs common 4
Checking m eius modi tem against lorem ipsum quia dolor sit amet
highestCommon was 28  vs common 0
Checking m eius modi tem against ctetur, adipisci velit, sed quia non numq
highestCommon was 28  vs common 0
Checking m eius modi tem against unt ut labore et dolore magnam aliquam qu
highestCommon was 28  vs common 0
Checking m eius modi tem against dipisci velit, sed quia non numqua
highestCommon was 28  vs common 0
Checking m eius modi tem against us modi tempora incid
highestCommon was 28  vs common 11
Checking m eius modi tem against Neque porro quisquam est, qui dolorem i
highestCommon was 28  vs common 0
Checking m eius modi tem against uam eius modi tem
highestCommon was 28  vs common 15
Checking m eius modi tem against pora inc
highestCommon was 28  vs common 0
Checking m eius modi tem against am al
highestCommon was 28  vs common 0
Checking Neque porro qui against m quaerat voluptatem.
highestCommon was 28  vs common 0
Checking Neque porro qui against pora incidunt ut labore et d
highestCommon was 28  vs common 0
Checking Neque porro qui against , consectetur, adipisci velit
highestCommon was 28  vs common 0
Checking Neque porro qui against olore magnam aliqua
highestCommon was 28  vs common 0
Checking Neque porro qui against idunt ut labore et dolore magn
highestCommon was 28  vs common 1
Checking Neque porro qui against uptatem.
highestCommon was 28  vs common 0
Checking Neque porro qui against i dolorem ipsum qu
highestCommon was 28  vs common 1
Checking Neque porro qui against iquam quaerat vol
highestCommon was 28  vs common 1
Checking Neque porro qui against psum quia dolor sit amet, consectetur, a
highestCommon was 28  vs common 0
Checking Neque porro qui against ia dolor sit amet, conse
highestCommon was 28  vs common 1
Checking Neque porro qui against squam est, qui do
highestCommon was 28  vs common 0
Checking Neque porro qui against Neque porro quisquam est, qu
highestCommon was 28  vs common 15
Checking Neque porro qui against aerat voluptatem.
highestCommon was 28  vs common 0
Checking Neque porro qui against m eius modi tem
highestCommon was 28  vs common 0
Checking Neque porro qui against , sed quia non numquam ei
highestCommon was 28  vs common 0
Checking Neque porro qui against lorem ipsum quia dolor sit amet
highestCommon was 28  vs common 0
Checking Neque porro qui against ctetur, adipisci velit, sed quia non numq
highestCommon was 28  vs common 0
Checking Neque porro qui against unt ut labore et dolore magnam aliquam qu
highestCommon was 28  vs common 0
Checking Neque porro qui against dipisci velit, sed quia non numqua
highestCommon was 28  vs common 0
Checking Neque porro qui against us modi tempora incid
highestCommon was 28  vs common 0
Checking Neque porro qui against Neque porro quisquam est, qui dolorem i
highestCommon was 28  vs common 15
Checking Neque porro qui against uam eius modi tem
highestCommon was 28  vs common 0
Checking Neque porro qui against pora inc
highestCommon was 28  vs common 0
Checking Neque porro qui against am al
highestCommon was 28  vs common 0
Checking , sed quia non numquam ei against m quaerat voluptatem.
highestCommon was 28  vs common 0
Checking , sed quia non numquam ei against pora incidunt ut labore et d
highestCommon was 28  vs common 0
Checking , sed quia non numquam ei against , consectetur, adipisci velit
highestCommon was 28  vs common 0
Checking , sed quia non numquam ei against olore magnam aliqua
highestCommon was 28  vs common 0
Checking , sed quia non numquam ei against idunt ut labore et dolore magn
highestCommon was 28  vs common 1
Checking , sed quia non numquam ei against uptatem.
highestCommon was 28  vs common 0
Checking , sed quia non numquam ei against i dolorem ipsum qu
highestCommon was 28  vs common 1
Checking , sed quia non numquam ei against iquam quaerat vol
highestCommon was 28  vs common 1
Checking , sed quia non numquam ei against psum quia dolor sit amet, consectetur, a
highestCommon was 28  vs common 0
Checking , sed quia non numquam ei against ia dolor sit amet, conse
highestCommon was 28  vs common 1
Checking , sed quia non numquam ei against squam est, qui do
highestCommon was 28  vs common 0
Checking , sed quia non numquam ei against Neque porro quisquam est, qu
highestCommon was 28  vs common 0
Checking , sed quia non numquam ei against aerat voluptatem.
highestCommon was 28  vs common 0
Checking , sed quia non numquam ei against m eius modi tem
highestCommon was 28  vs common 4
Checking , sed quia non numquam ei against Neque porro qui
highestCommon was 28  vs common 0
Checking , sed quia non numquam ei against lorem ipsum quia dolor sit amet
highestCommon was 28  vs common 0
Checking , sed quia non numquam ei against ctetur, adipisci velit, sed quia non numq
highestCommon was 28  vs common 19
Checking , sed quia non numquam ei against unt ut labore et dolore magnam aliquam qu
highestCommon was 28  vs common 0
Checking , sed quia non numquam ei against dipisci velit, sed quia non numqua
highestCommon was 28  vs common 21
Checking , sed quia non numquam ei against us modi tempora incid
highestCommon was 28  vs common 0
Checking , sed quia non numquam ei against Neque porro quisquam est, qui dolorem i
highestCommon was 28  vs common 0
Checking , sed quia non numquam ei against uam eius modi tem
highestCommon was 28  vs common 6
Checking , sed quia non numquam ei against pora inc
highestCommon was 28  vs common 0
Checking , sed quia non numquam ei against am al
highestCommon was 28  vs common 0
Checking lorem ipsum quia dolor sit amet against m quaerat voluptatem.
highestCommon was 28  vs common 0
Checking lorem ipsum quia dolor sit amet against pora incidunt ut labore et d
highestCommon was 28  vs common 0
Checking lorem ipsum quia dolor sit amet against , consectetur, adipisci velit
highestCommon was 28  vs common 0
Checking lorem ipsum quia dolor sit amet against olore magnam aliqua
highestCommon was 28  vs common 0
Checking lorem ipsum quia dolor sit amet against idunt ut labore et dolore magn
highestCommon was 28  vs common 0
Checking lorem ipsum quia dolor sit amet against uptatem.
highestCommon was 28  vs common 0
Checking lorem ipsum quia dolor sit amet against i dolorem ipsum qu
highestCommon was 28  vs common 14
Checking lorem ipsum quia dolor sit amet against iquam quaerat vol
highestCommon was 28  vs common 1
Checking lorem ipsum quia dolor sit amet against psum quia dolor sit amet, consectetur, a
highestCommon was 28  vs common 24
Checking lorem ipsum quia dolor sit amet against ia dolor sit amet, conse
highestCommon was 28  vs common 17
Checking lorem ipsum quia dolor sit amet against squam est, qui do
highestCommon was 28  vs common 0
Checking lorem ipsum quia dolor sit amet against Neque porro quisquam est, qu
highestCommon was 28  vs common 0
Checking lorem ipsum quia dolor sit amet against aerat voluptatem.
highestCommon was 28  vs common 0
Checking lorem ipsum quia dolor sit amet against m eius modi tem
highestCommon was 28  vs common 0
Checking lorem ipsum quia dolor sit amet against Neque porro qui
highestCommon was 28  vs common 0
Checking lorem ipsum quia dolor sit amet against , sed quia non numquam ei
highestCommon was 28  vs common 0
Checking lorem ipsum quia dolor sit amet against ctetur, adipisci velit, sed quia non numq
highestCommon was 28  vs common 0
Checking lorem ipsum quia dolor sit amet against unt ut labore et dolore magnam aliquam qu
highestCommon was 28  vs common 0
Checking lorem ipsum quia dolor sit amet against dipisci velit, sed quia non numqua
highestCommon was 28  vs common 0
Checking lorem ipsum quia dolor sit amet against us modi tempora incid
highestCommon was 28  vs common 0
Checking lorem ipsum quia dolor sit amet against Neque porro quisquam est, qui dolorem i
highestCommon was 28  vs common 7
Checking lorem ipsum quia dolor sit amet against uam eius modi tem
highestCommon was 28  vs common 0
Checking lorem ipsum quia dolor sit amet against pora inc
highestCommon was 28  vs common 0
Checking lorem ipsum quia dolor sit amet against am al
highestCommon was 28  vs common 1
Checking ctetur, adipisci velit, sed quia non numq against m quaerat voluptatem.
highestCommon was 28  vs common 0
Checking ctetur, adipisci velit, sed quia non numq against pora incidunt ut labore et d
highestCommon was 28  vs common 0
Checking ctetur, adipisci velit, sed quia non numq against , consectetur, adipisci velit
highestCommon was 28  vs common 22
Checking ctetur, adipisci velit, sed quia non numq against olore magnam aliqua
highestCommon was 28  vs common 0
Checking ctetur, adipisci velit, sed quia non numq against idunt ut labore et dolore magn
highestCommon was 28  vs common 0
Checking ctetur, adipisci velit, sed quia non numq against uptatem.
highestCommon was 28  vs common 0
Checking ctetur, adipisci velit, sed quia non numq against i dolorem ipsum qu
highestCommon was 28  vs common 0
Checking ctetur, adipisci velit, sed quia non numq against iquam quaerat vol
highestCommon was 28  vs common 0
Checking ctetur, adipisci velit, sed quia non numq against psum quia dolor sit amet, consectetur, a
highestCommon was 28  vs common 9
Checking ctetur, adipisci velit, sed quia non numq against ia dolor sit amet, conse
highestCommon was 28  vs common 0
Checking ctetur, adipisci velit, sed quia non numq against squam est, qui do
highestCommon was 28  vs common 0
Checking ctetur, adipisci velit, sed quia non numq against Neque porro quisquam est, qu
highestCommon was 28  vs common 0
Checking ctetur, adipisci velit, sed quia non numq against aerat voluptatem.
highestCommon was 28  vs common 0
Checking ctetur, adipisci velit, sed quia non numq against m eius modi tem
highestCommon was 28  vs common 0
Checking ctetur, adipisci velit, sed quia non numq against Neque porro qui
highestCommon was 28  vs common 0
Checking ctetur, adipisci velit, sed quia non numq against , sed quia non numquam ei
highestCommon was 28  vs common 19
Checking ctetur, adipisci velit, sed quia non numq against lorem ipsum quia dolor sit amet
highestCommon was 28  vs common 0
Checking ctetur, adipisci velit, sed quia non numq against unt ut labore et dolore magnam aliquam qu
highestCommon was 28  vs common 0
Checking ctetur, adipisci velit, sed quia non numq against dipisci velit, sed quia non numqua
highestCommon was 32  vs common 32
Checking ctetur, adipisci velit, sed quia non numq against us modi tempora incid
highestCommon was 32  vs common 0
Checking ctetur, adipisci velit, sed quia non numq against Neque porro quisquam est, qui dolorem i
highestCommon was 32  vs common 0
Checking ctetur, adipisci velit, sed quia non numq against uam eius modi tem
highestCommon was 32  vs common 0
Checking ctetur, adipisci velit, sed quia non numq against pora inc
highestCommon was 32  vs common 1
Checking ctetur, adipisci velit, sed quia non numq against am al
highestCommon was 32  vs common 0
Checking unt ut labore et dolore magnam aliquam qu against m quaerat voluptatem.
highestCommon was 32  vs common 4
Checking unt ut labore et dolore magnam aliquam qu against pora incidunt ut labore et d
highestCommon was 32  vs common 18
Checking unt ut labore et dolore magnam aliquam qu against , consectetur, adipisci velit
highestCommon was 32  vs common 0
Checking unt ut labore et dolore magnam aliquam qu against olore magnam aliqua
highestCommon was 32  vs common 19
Checking unt ut labore et dolore magnam aliquam qu against idunt ut labore et dolore magn
highestCommon was 32  vs common 28
Checking unt ut labore et dolore magnam aliquam qu against uptatem.
highestCommon was 32  vs common 1
Checking unt ut labore et dolore magnam aliquam qu against i dolorem ipsum qu
highestCommon was 32  vs common 1
Checking unt ut labore et dolore magnam aliquam qu against iquam quaerat vol
highestCommon was 32  vs common 8
Checking unt ut labore et dolore magnam aliquam qu against psum quia dolor sit amet, consectetur, a
highestCommon was 32  vs common 0
Checking unt ut labore et dolore magnam aliquam qu against ia dolor sit amet, conse
highestCommon was 32  vs common 0
Checking unt ut labore et dolore magnam aliquam qu against squam est, qui do
highestCommon was 32  vs common 0
Checking unt ut labore et dolore magnam aliquam qu against Neque porro quisquam est, qu
highestCommon was 32  vs common 1
Checking unt ut labore et dolore magnam aliquam qu against aerat voluptatem.
highestCommon was 32  vs common 0
Checking unt ut labore et dolore magnam aliquam qu against m eius modi tem
highestCommon was 32  vs common 0
Checking unt ut labore et dolore magnam aliquam qu against Neque porro qui
highestCommon was 32  vs common 0
Checking unt ut labore et dolore magnam aliquam qu against , sed quia non numquam ei
highestCommon was 32  vs common 0
Checking unt ut labore et dolore magnam aliquam qu against lorem ipsum quia dolor sit amet
highestCommon was 32  vs common 0
Checking unt ut labore et dolore magnam aliquam qu against ctetur, adipisci velit, sed quia non numq
highestCommon was 32  vs common 0
Checking unt ut labore et dolore magnam aliquam qu against dipisci velit, sed quia non numqua
highestCommon was 32  vs common 0
Checking unt ut labore et dolore magnam aliquam qu against us modi tempora incid
highestCommon was 32  vs common 1
Checking unt ut labore et dolore magnam aliquam qu against Neque porro quisquam est, qui dolorem i
highestCommon was 32  vs common 0
Checking unt ut labore et dolore magnam aliquam qu against uam eius modi tem
highestCommon was 32  vs common 1
Checking unt ut labore et dolore magnam aliquam qu against pora inc
highestCommon was 32  vs common 0
Checking unt ut labore et dolore magnam aliquam qu against am al
highestCommon was 32  vs common 5
Checking dipisci velit, sed quia non numqua against m quaerat voluptatem.
highestCommon was 32  vs common 0
Checking dipisci velit, sed quia non numqua against pora incidunt ut labore et d
highestCommon was 32  vs common 1
Checking dipisci velit, sed quia non numqua against , consectetur, adipisci velit
highestCommon was 32  vs common 13
Checking dipisci velit, sed quia non numqua against olore magnam aliqua
highestCommon was 32  vs common 0
Checking dipisci velit, sed quia non numqua against idunt ut labore et dolore magn
highestCommon was 32  vs common 0
Checking dipisci velit, sed quia non numqua against uptatem.
highestCommon was 32  vs common 0
Checking dipisci velit, sed quia non numqua against i dolorem ipsum qu
highestCommon was 32  vs common 0
Checking dipisci velit, sed quia non numqua against iquam quaerat vol
highestCommon was 32  vs common 0
Checking dipisci velit, sed quia non numqua against psum quia dolor sit amet, consectetur, a
highestCommon was 32  vs common 0
Checking dipisci velit, sed quia non numqua against ia dolor sit amet, conse
highestCommon was 32  vs common 0
Checking dipisci velit, sed quia non numqua against squam est, qui do
highestCommon was 32  vs common 0
Checking dipisci velit, sed quia non numqua against Neque porro quisquam est, qu
highestCommon was 32  vs common 0
Checking dipisci velit, sed quia non numqua against aerat voluptatem.
highestCommon was 32  vs common 1
Checking dipisci velit, sed quia non numqua against m eius modi tem
highestCommon was 32  vs common 0
Checking dipisci velit, sed quia non numqua against Neque porro qui
highestCommon was 32  vs common 0
Checking dipisci velit, sed quia non numqua against , sed quia non numquam ei
highestCommon was 32  vs common 21
Checking dipisci velit, sed quia non numqua against lorem ipsum quia dolor sit amet
highestCommon was 32  vs common 0
Checking dipisci velit, sed quia non numqua against ctetur, adipisci velit, sed quia non numq
highestCommon was 32  vs common 32
Checking dipisci velit, sed quia non numqua against unt ut labore et dolore magnam aliquam qu
highestCommon was 32  vs common 0
Checking dipisci velit, sed quia non numqua against us modi tempora incid
highestCommon was 32  vs common 1
Checking dipisci velit, sed quia non numqua against Neque porro quisquam est, qui dolorem i
highestCommon was 32  vs common 0
Checking dipisci velit, sed quia non numqua against uam eius modi tem
highestCommon was 32  vs common 2
Checking dipisci velit, sed quia non numqua against pora inc
highestCommon was 32  vs common 0
Checking dipisci velit, sed quia non numqua against am al
highestCommon was 32  vs common 1
Checking us modi tempora incid against m quaerat voluptatem.
highestCommon was 32  vs common 0
Checking us modi tempora incid against pora incidunt ut labore et d
highestCommon was 32  vs common 10
Checking us modi tempora incid against , consectetur, adipisci velit
highestCommon was 32  vs common 0
Checking us modi tempora incid against olore magnam aliqua
highestCommon was 32  vs common 0
Checking us modi tempora incid against idunt ut labore et dolore magn
highestCommon was 32  vs common 2
Checking us modi tempora incid against uptatem.
highestCommon was 32  vs common 0
Checking us modi tempora incid against i dolorem ipsum qu
highestCommon was 32  vs common 1
Checking us modi tempora incid against iquam quaerat vol
highestCommon was 32  vs common 0
Checking us modi tempora incid against psum quia dolor sit amet, consectetur, a
highestCommon was 32  vs common 0
Checking us modi tempora incid against ia dolor sit amet, conse
highestCommon was 32  vs common 0
Checking us modi tempora incid against squam est, qui do
highestCommon was 32  vs common 0
Checking us modi tempora incid against Neque porro quisquam est, qu
highestCommon was 32  vs common 1
Checking us modi tempora incid against aerat voluptatem.
highestCommon was 32  vs common 0
Checking us modi tempora incid against m eius modi tem
highestCommon was 32  vs common 11
Checking us modi tempora incid against Neque porro qui
highestCommon was 32  vs common 0
Checking us modi tempora incid against , sed quia non numquam ei
highestCommon was 32  vs common 0
Checking us modi tempora incid against lorem ipsum quia dolor sit amet
highestCommon was 32  vs common 0
Checking us modi tempora incid against ctetur, adipisci velit, sed quia non numq
highestCommon was 32  vs common 0
Checking us modi tempora incid against unt ut labore et dolore magnam aliquam qu
highestCommon was 32  vs common 1
Checking us modi tempora incid against dipisci velit, sed quia non numqua
highestCommon was 32  vs common 1
Checking us modi tempora incid against Neque porro quisquam est, qui dolorem i
highestCommon was 32  vs common 0
Checking us modi tempora incid against uam eius modi tem
highestCommon was 32  vs common 11
Checking us modi tempora incid against pora inc
highestCommon was 32  vs common 8
Checking us modi tempora incid against am al
highestCommon was 32  vs common 0
Checking Neque porro quisquam est, qui dolorem i against m quaerat voluptatem.
highestCommon was 32  vs common 0
Checking Neque porro quisquam est, qui dolorem i against pora incidunt ut labore et d
highestCommon was 32  vs common 0
Checking Neque porro quisquam est, qui dolorem i against , consectetur, adipisci velit
highestCommon was 32  vs common 0
Checking Neque porro quisquam est, qui dolorem i against olore magnam aliqua
highestCommon was 32  vs common 0
Checking Neque porro quisquam est, qui dolorem i against idunt ut labore et dolore magn
highestCommon was 32  vs common 1
Checking Neque porro quisquam est, qui dolorem i against uptatem.
highestCommon was 32  vs common 0
Checking Neque porro quisquam est, qui dolorem i against i dolorem ipsum qu
highestCommon was 32  vs common 11
Checking Neque porro quisquam est, qui dolorem i against iquam quaerat vol
highestCommon was 32  vs common 1
Checking Neque porro quisquam est, qui dolorem i against psum quia dolor sit amet, consectetur, a
highestCommon was 32  vs common 0
Checking Neque porro quisquam est, qui dolorem i against ia dolor sit amet, conse
highestCommon was 32  vs common 1
Checking Neque porro quisquam est, qui dolorem i against squam est, qui do
highestCommon was 32  vs common 17
Checking Neque porro quisquam est, qui dolorem i against Neque porro quisquam est, qu
highestCommon was 32  vs common 28
Checking Neque porro quisquam est, qui dolorem i against aerat voluptatem.
highestCommon was 32  vs common 0
Checking Neque porro quisquam est, qui dolorem i against m eius modi tem
highestCommon was 32  vs common 0
Checking Neque porro quisquam est, qui dolorem i against Neque porro qui
highestCommon was 32  vs common 15
Checking Neque porro quisquam est, qui dolorem i against , sed quia non numquam ei
highestCommon was 32  vs common 0
Checking Neque porro quisquam est, qui dolorem i against lorem ipsum quia dolor sit amet
highestCommon was 32  vs common 7
Checking Neque porro quisquam est, qui dolorem i against ctetur, adipisci velit, sed quia non numq
highestCommon was 32  vs common 0
Checking Neque porro quisquam est, qui dolorem i against unt ut labore et dolore magnam aliquam qu
highestCommon was 32  vs common 0
Checking Neque porro quisquam est, qui dolorem i against dipisci velit, sed quia non numqua
highestCommon was 32  vs common 0
Checking Neque porro quisquam est, qui dolorem i against us modi tempora incid
highestCommon was 32  vs common 0
Checking Neque porro quisquam est, qui dolorem i against uam eius modi tem
highestCommon was 32  vs common 0
Checking Neque porro quisquam est, qui dolorem i against pora inc
highestCommon was 32  vs common 0
Checking Neque porro quisquam est, qui dolorem i against am al
highestCommon was 32  vs common 0
Checking uam eius modi tem against m quaerat voluptatem.
highestCommon was 32  vs common 1
Checking uam eius modi tem against pora incidunt ut labore et d
highestCommon was 32  vs common 0
Checking uam eius modi tem against , consectetur, adipisci velit
highestCommon was 32  vs common 0
Checking uam eius modi tem against olore magnam aliqua
highestCommon was 32  vs common 2
Checking uam eius modi tem against idunt ut labore et dolore magn
highestCommon was 32  vs common 0
Checking uam eius modi tem against uptatem.
highestCommon was 32  vs common 0
Checking uam eius modi tem against i dolorem ipsum qu
highestCommon was 32  vs common 1
Checking uam eius modi tem against iquam quaerat vol
highestCommon was 32  vs common 0
Checking uam eius modi tem against psum quia dolor sit amet, consectetur, a
highestCommon was 32  vs common 0
Checking uam eius modi tem against ia dolor sit amet, conse
highestCommon was 32  vs common 0
Checking uam eius modi tem against squam est, qui do
highestCommon was 32  vs common 0
Checking uam eius modi tem against Neque porro quisquam est, qu
highestCommon was 32  vs common 1
Checking uam eius modi tem against aerat voluptatem.
highestCommon was 32  vs common 0
Checking uam eius modi tem against m eius modi tem
highestCommon was 32  vs common 15
Checking uam eius modi tem against Neque porro qui
highestCommon was 32  vs common 0
Checking uam eius modi tem against , sed quia non numquam ei
highestCommon was 32  vs common 6
Checking uam eius modi tem against lorem ipsum quia dolor sit amet
highestCommon was 32  vs common 0
Checking uam eius modi tem against ctetur, adipisci velit, sed quia non numq
highestCommon was 32  vs common 0
Checking uam eius modi tem against unt ut labore et dolore magnam aliquam qu
highestCommon was 32  vs common 1
Checking uam eius modi tem against dipisci velit, sed quia non numqua
highestCommon was 32  vs common 2
Checking uam eius modi tem against us modi tempora incid
highestCommon was 32  vs common 11
Checking uam eius modi tem against Neque porro quisquam est, qui dolorem i
highestCommon was 32  vs common 0
Checking uam eius modi tem against pora inc
highestCommon was 32  vs common 0
Checking uam eius modi tem against am al
highestCommon was 32  vs common 0
Checking pora inc against m quaerat voluptatem.
highestCommon was 32  vs common 0
Checking pora inc against pora incidunt ut labore et d
highestCommon was 32  vs common 8
Checking pora inc against , consectetur, adipisci velit
highestCommon was 32  vs common 0
Checking pora inc against olore magnam aliqua
highestCommon was 32  vs common 0
Checking pora inc against idunt ut labore et dolore magn
highestCommon was 32  vs common 0
Checking pora inc against uptatem.
highestCommon was 32  vs common 0
Checking pora inc against i dolorem ipsum qu
highestCommon was 32  vs common 0
Checking pora inc against iquam quaerat vol
highestCommon was 32  vs common 0
Checking pora inc against psum quia dolor sit amet, consectetur, a
highestCommon was 32  vs common 0
Checking pora inc against ia dolor sit amet, conse
highestCommon was 32  vs common 0
Checking pora inc against squam est, qui do
highestCommon was 32  vs common 0
Checking pora inc against Neque porro quisquam est, qu
highestCommon was 32  vs common 0
Checking pora inc against aerat voluptatem.
highestCommon was 32  vs common 0
Checking pora inc against m eius modi tem
highestCommon was 32  vs common 0
Checking pora inc against Neque porro qui
highestCommon was 32  vs common 0
Checking pora inc against , sed quia non numquam ei
highestCommon was 32  vs common 0
Checking pora inc against lorem ipsum quia dolor sit amet
highestCommon was 32  vs common 0
Checking pora inc against ctetur, adipisci velit, sed quia non numq
highestCommon was 32  vs common 1
Checking pora inc against unt ut labore et dolore magnam aliquam qu
highestCommon was 32  vs common 0
Checking pora inc against dipisci velit, sed quia non numqua
highestCommon was 32  vs common 0
Checking pora inc against us modi tempora incid
highestCommon was 32  vs common 8
Checking pora inc against Neque porro quisquam est, qui dolorem i
highestCommon was 32  vs common 0
Checking pora inc against uam eius modi tem
highestCommon was 32  vs common 0
Checking pora inc against am al
highestCommon was 32  vs common 0
Checking am al against m quaerat voluptatem.
highestCommon was 32  vs common 0
Checking am al against pora incidunt ut labore et d
highestCommon was 32  vs common 0
Checking am al against , consectetur, adipisci velit
highestCommon was 32  vs common 0
Checking am al against olore magnam aliqua
highestCommon was 32  vs common 1
Checking am al against idunt ut labore et dolore magn
highestCommon was 32  vs common 0
Checking am al against uptatem.
highestCommon was 32  vs common 0
Checking am al against i dolorem ipsum qu
highestCommon was 32  vs common 0
Checking am al against iquam quaerat vol
highestCommon was 32  vs common 0
Checking am al against psum quia dolor sit amet, consectetur, a
highestCommon was 32  vs common 1
Checking am al against ia dolor sit amet, conse
highestCommon was 32  vs common 0
Checking am al against squam est, qui do
highestCommon was 32  vs common 0
Checking am al against Neque porro quisquam est, qu
highestCommon was 32  vs common 0
Checking am al against aerat voluptatem.
highestCommon was 32  vs common 0
Checking am al against m eius modi tem
highestCommon was 32  vs common 0
Checking am al against Neque porro qui
highestCommon was 32  vs common 0
Checking am al against , sed quia non numquam ei
highestCommon was 32  vs common 0
Checking am al against lorem ipsum quia dolor sit amet
highestCommon was 32  vs common 1
Checking am al against ctetur, adipisci velit, sed quia non numq
highestCommon was 32  vs common 0
Checking am al against unt ut labore et dolore magnam aliquam qu
highestCommon was 32  vs common 5
Checking am al against dipisci velit, sed quia non numqua
highestCommon was 32  vs common 1
Checking am al against us modi tempora incid
highestCommon was 32  vs common 0
Checking am al against Neque porro quisquam est, qui dolorem i
highestCommon was 32  vs common 0
Checking am al against uam eius modi tem
highestCommon was 32  vs common 0
Checking am al against pora inc
highestCommon was 32  vs common 0
highestCommon was 32  vs common 0
LIST before 
0 m quaerat voluptatem.

1 pora incidunt ut labore et d

2 , consectetur, adipisci velit

3 olore magnam aliqua

4 idunt ut labore et dolore magn

5 uptatem.

6 i dolorem ipsum qu

7 iquam quaerat vol

8 psum quia dolor sit amet, consectetur, a

9 ia dolor sit amet, conse

10 squam est, qui do

11 Neque porro quisquam est, qu

12 aerat voluptatem.

13 m eius modi tem

14 Neque porro qui

15 , sed quia non numquam ei

16 lorem ipsum quia dolor sit amet

17 ctetur, adipisci velit, sed quia non numq

18 unt ut labore et dolore magnam aliquam qu

19 dipisci velit, sed quia non numqua

20 us modi tempora incid

21 Neque porro quisquam est, qui dolorem i

22 uam eius modi tem

23 pora inc

24 am al

PAIR ctetur, adipisci velit, sed quia non numq(17) | dipisci velit, sed quia non numqua(19)
mergedWord ctetur, adipisci velit, sed quia non numqua
updatedList after 
0 m quaerat voluptatem.

1 pora incidunt ut labore et d

2 , consectetur, adipisci velit

3 olore magnam aliqua

4 idunt ut labore et dolore magn

5 uptatem.

6 i dolorem ipsum qu

7 iquam quaerat vol

8 psum quia dolor sit amet, consectetur, a

9 ia dolor sit amet, conse

10 squam est, qui do

11 Neque porro quisquam est, qu

12 aerat voluptatem.

13 m eius modi tem

14 Neque porro qui

15 , sed quia non numquam ei

16 lorem ipsum quia dolor sit amet

17 ctetur, adipisci velit, sed quia non numqua

18 unt ut labore et dolore magnam aliquam qu

19 us modi tempora incid

20 Neque porro quisquam est, qui dolorem i

21 uam eius modi tem

22 pora inc

23 am al

Checking m quaerat voluptatem. against pora incidunt ut labore et d
highestCommon was 0  vs common 0
Checking m quaerat voluptatem. against , consectetur, adipisci velit
highestCommon was 0  vs common 0
Checking m quaerat voluptatem. against olore magnam aliqua
highestCommon was 0  vs common 0
Checking m quaerat voluptatem. against idunt ut labore et dolore magn
highestCommon was 0  vs common 0
Checking m quaerat voluptatem. against uptatem.
highestCommon was 8  vs common 8
Checking m quaerat voluptatem. against i dolorem ipsum qu
highestCommon was 8  vs common 4
Checking m quaerat voluptatem. against iquam quaerat vol
highestCommon was 13  vs common 13
Checking m quaerat voluptatem. against psum quia dolor sit amet, consectetur, a
highestCommon was 13  vs common 0
Checking m quaerat voluptatem. against ia dolor sit amet, conse
highestCommon was 13  vs common 0
Checking m quaerat voluptatem. against squam est, qui do
highestCommon was 13  vs common 0
Checking m quaerat voluptatem. against Neque porro quisquam est, qu
highestCommon was 13  vs common 0
Checking m quaerat voluptatem. against aerat voluptatem.
highestCommon was 17  vs common 17
Checking m quaerat voluptatem. against m eius modi tem
highestCommon was 17  vs common 1
Checking m quaerat voluptatem. against Neque porro qui
highestCommon was 17  vs common 0
Checking m quaerat voluptatem. against , sed quia non numquam ei
highestCommon was 17  vs common 0
Checking m quaerat voluptatem. against lorem ipsum quia dolor sit amet
highestCommon was 17  vs common 0
Checking m quaerat voluptatem. against ctetur, adipisci velit, sed quia non numqua
highestCommon was 17  vs common 0
Checking m quaerat voluptatem. against unt ut labore et dolore magnam aliquam qu
highestCommon was 17  vs common 4
Checking m quaerat voluptatem. against us modi tempora incid
highestCommon was 17  vs common 0
Checking m quaerat voluptatem. against Neque porro quisquam est, qui dolorem i
highestCommon was 17  vs common 0
Checking m quaerat voluptatem. against uam eius modi tem
highestCommon was 17  vs common 1
Checking m quaerat voluptatem. against pora inc
highestCommon was 17  vs common 0
Checking m quaerat voluptatem. against am al
highestCommon was 17  vs common 0
Checking pora incidunt ut labore et d against m quaerat voluptatem.
highestCommon was 17  vs common 0
Checking pora incidunt ut labore et d against , consectetur, adipisci velit
highestCommon was 17  vs common 0
Checking pora incidunt ut labore et d against olore magnam aliqua
highestCommon was 17  vs common 0
Checking pora incidunt ut labore et d against idunt ut labore et dolore magn
highestCommon was 20  vs common 20
Checking pora incidunt ut labore et d against uptatem.
highestCommon was 20  vs common 0
Checking pora incidunt ut labore et d against i dolorem ipsum qu
highestCommon was 20  vs common 0
Checking pora incidunt ut labore et d against iquam quaerat vol
highestCommon was 20  vs common 0
Checking pora incidunt ut labore et d against psum quia dolor sit amet, consectetur, a
highestCommon was 20  vs common 0
Checking pora incidunt ut labore et d against ia dolor sit amet, conse
highestCommon was 20  vs common 0
Checking pora incidunt ut labore et d against squam est, qui do
highestCommon was 20  vs common 0
Checking pora incidunt ut labore et d against Neque porro quisquam est, qu
highestCommon was 20  vs common 0
Checking pora incidunt ut labore et d against aerat voluptatem.
highestCommon was 20  vs common 0
Checking pora incidunt ut labore et d against m eius modi tem
highestCommon was 20  vs common 0
Checking pora incidunt ut labore et d against Neque porro qui
highestCommon was 20  vs common 0
Checking pora incidunt ut labore et d against , sed quia non numquam ei
highestCommon was 20  vs common 0
Checking pora incidunt ut labore et d against lorem ipsum quia dolor sit amet
highestCommon was 20  vs common 0
Checking pora incidunt ut labore et d against ctetur, adipisci velit, sed quia non numqua
highestCommon was 20  vs common 0
Checking pora incidunt ut labore et d against unt ut labore et dolore magnam aliquam qu
highestCommon was 20  vs common 18
Checking pora incidunt ut labore et d against us modi tempora incid
highestCommon was 20  vs common 10
Checking pora incidunt ut labore et d against Neque porro quisquam est, qui dolorem i
highestCommon was 20  vs common 0
Checking pora incidunt ut labore et d against uam eius modi tem
highestCommon was 20  vs common 0
Checking pora incidunt ut labore et d against pora inc
highestCommon was 20  vs common 8
Checking pora incidunt ut labore et d against am al
highestCommon was 20  vs common 0
Checking , consectetur, adipisci velit against m quaerat voluptatem.
highestCommon was 20  vs common 0
Checking , consectetur, adipisci velit against pora incidunt ut labore et d
highestCommon was 20  vs common 0
Checking , consectetur, adipisci velit against olore magnam aliqua
highestCommon was 20  vs common 0
Checking , consectetur, adipisci velit against idunt ut labore et dolore magn
highestCommon was 20  vs common 0
Checking , consectetur, adipisci velit against uptatem.
highestCommon was 20  vs common 0
Checking , consectetur, adipisci velit against i dolorem ipsum qu
highestCommon was 20  vs common 0
Checking , consectetur, adipisci velit against iquam quaerat vol
highestCommon was 20  vs common 0
Checking , consectetur, adipisci velit against psum quia dolor sit amet, consectetur, a
highestCommon was 20  vs common 16
Checking , consectetur, adipisci velit against ia dolor sit amet, conse
highestCommon was 20  vs common 7
Checking , consectetur, adipisci velit against squam est, qui do
highestCommon was 20  vs common 0
Checking , consectetur, adipisci velit against Neque porro quisquam est, qu
highestCommon was 20  vs common 0
Checking , consectetur, adipisci velit against aerat voluptatem.
highestCommon was 20  vs common 0
Checking , consectetur, adipisci velit against m eius modi tem
highestCommon was 20  vs common 0
Checking , consectetur, adipisci velit against Neque porro qui
highestCommon was 20  vs common 0
Checking , consectetur, adipisci velit against , sed quia non numquam ei
highestCommon was 20  vs common 0
Checking , consectetur, adipisci velit against lorem ipsum quia dolor sit amet
highestCommon was 20  vs common 0
Checking , consectetur, adipisci velit against ctetur, adipisci velit, sed quia non numqua
highestCommon was 22  vs common 22
Checking , consectetur, adipisci velit against unt ut labore et dolore magnam aliquam qu
highestCommon was 22  vs common 0
Checking , consectetur, adipisci velit against us modi tempora incid
highestCommon was 22  vs common 0
Checking , consectetur, adipisci velit against Neque porro quisquam est, qui dolorem i
highestCommon was 22  vs common 0
Checking , consectetur, adipisci velit against uam eius modi tem
highestCommon was 22  vs common 0
Checking , consectetur, adipisci velit against pora inc
highestCommon was 22  vs common 0
Checking , consectetur, adipisci velit against am al
highestCommon was 22  vs common 0
Checking olore magnam aliqua against m quaerat voluptatem.
highestCommon was 22  vs common 0
Checking olore magnam aliqua against pora incidunt ut labore et d
highestCommon was 22  vs common 0
Checking olore magnam aliqua against , consectetur, adipisci velit
highestCommon was 22  vs common 0
Checking olore magnam aliqua against idunt ut labore et dolore magn
highestCommon was 22  vs common 10
Checking olore magnam aliqua against uptatem.
highestCommon was 22  vs common 0
Checking olore magnam aliqua against i dolorem ipsum qu
highestCommon was 22  vs common 0
Checking olore magnam aliqua against iquam quaerat vol
highestCommon was 22  vs common 4
Checking olore magnam aliqua against psum quia dolor sit amet, consectetur, a
highestCommon was 22  vs common 0
Checking olore magnam aliqua against ia dolor sit amet, conse
highestCommon was 22  vs common 0
Checking olore magnam aliqua against squam est, qui do
highestCommon was 22  vs common 1
Checking olore magnam aliqua against Neque porro quisquam est, qu
highestCommon was 22  vs common 0
Checking olore magnam aliqua against aerat voluptatem.
highestCommon was 22  vs common 1
Checking olore magnam aliqua against m eius modi tem
highestCommon was 22  vs common 0
Checking olore magnam aliqua against Neque porro qui
highestCommon was 22  vs common 0
Checking olore magnam aliqua against , sed quia non numquam ei
highestCommon was 22  vs common 0
Checking olore magnam aliqua against lorem ipsum quia dolor sit amet
highestCommon was 22  vs common 0
Checking olore magnam aliqua against ctetur, adipisci velit, sed quia non numqua
highestCommon was 22  vs common 0
Checking olore magnam aliqua against unt ut labore et dolore magnam aliquam qu
highestCommon was 22  vs common 19
Checking olore magnam aliqua against us modi tempora incid
highestCommon was 22  vs common 0
Checking olore magnam aliqua against Neque porro quisquam est, qui dolorem i
highestCommon was 22  vs common 0
Checking olore magnam aliqua against uam eius modi tem
highestCommon was 22  vs common 2
Checking olore magnam aliqua against pora inc
highestCommon was 22  vs common 0
Checking olore magnam aliqua against am al
highestCommon was 22  vs common 1
Checking idunt ut labore et dolore magn against m quaerat voluptatem.
highestCommon was 22  vs common 0
Checking idunt ut labore et dolore magn against pora incidunt ut labore et d
highestCommon was 22  vs common 20
Checking idunt ut labore et dolore magn against , consectetur, adipisci velit
highestCommon was 22  vs common 0
Checking idunt ut labore et dolore magn against olore magnam aliqua
highestCommon was 22  vs common 10
Checking idunt ut labore et dolore magn against uptatem.
highestCommon was 22  vs common 0
Checking idunt ut labore et dolore magn against i dolorem ipsum qu
highestCommon was 22  vs common 0
Checking idunt ut labore et dolore magn against iquam quaerat vol
highestCommon was 22  vs common 0
Checking idunt ut labore et dolore magn against psum quia dolor sit amet, consectetur, a
highestCommon was 22  vs common 0
Checking idunt ut labore et dolore magn against ia dolor sit amet, conse
highestCommon was 22  vs common 0
Checking idunt ut labore et dolore magn against squam est, qui do
highestCommon was 22  vs common 0
Checking idunt ut labore et dolore magn against Neque porro quisquam est, qu
highestCommon was 22  vs common 0
Checking idunt ut labore et dolore magn against aerat voluptatem.
highestCommon was 22  vs common 0
Checking idunt ut labore et dolore magn against m eius modi tem
highestCommon was 22  vs common 0
Checking idunt ut labore et dolore magn against Neque porro qui
highestCommon was 22  vs common 1
Checking idunt ut labore et dolore magn against , sed quia non numquam ei
highestCommon was 22  vs common 1
Checking idunt ut labore et dolore magn against lorem ipsum quia dolor sit amet
highestCommon was 22  vs common 0
Checking idunt ut labore et dolore magn against ctetur, adipisci velit, sed quia non numqua
highestCommon was 22  vs common 0
Checking idunt ut labore et dolore magn against unt ut labore et dolore magnam aliquam qu
highestCommon was 28  vs common 28
Checking idunt ut labore et dolore magn against us modi tempora incid
highestCommon was 28  vs common 2
Checking idunt ut labore et dolore magn against Neque porro quisquam est, qui dolorem i
highestCommon was 28  vs common 1
Checking idunt ut labore et dolore magn against uam eius modi tem
highestCommon was 28  vs common 0
Checking idunt ut labore et dolore magn against pora inc
highestCommon was 28  vs common 0
Checking idunt ut labore et dolore magn against am al
highestCommon was 28  vs common 0
Checking uptatem. against m quaerat voluptatem.
highestCommon was 28  vs common 8
Checking uptatem. against pora incidunt ut labore et d
highestCommon was 28  vs common 0
Checking uptatem. against , consectetur, adipisci velit
highestCommon was 28  vs common 0
Checking uptatem. against olore magnam aliqua
highestCommon was 28  vs common 0
Checking uptatem. against idunt ut labore et dolore magn
highestCommon was 28  vs common 0
Checking uptatem. against i dolorem ipsum qu
highestCommon was 28  vs common 1
Checking uptatem. against iquam quaerat vol
highestCommon was 28  vs common 0
Checking uptatem. against psum quia dolor sit amet, consectetur, a
highestCommon was 28  vs common 0
Checking uptatem. against ia dolor sit amet, conse
highestCommon was 28  vs common 0
Checking uptatem. against squam est, qui do
highestCommon was 28  vs common 0
Checking uptatem. against Neque porro quisquam est, qu
highestCommon was 28  vs common 1
Checking uptatem. against aerat voluptatem.
highestCommon was 28  vs common 8
Checking uptatem. against m eius modi tem
highestCommon was 28  vs common 0
Checking uptatem. against Neque porro qui
highestCommon was 28  vs common 0
Checking uptatem. against , sed quia non numquam ei
highestCommon was 28  vs common 0
Checking uptatem. against lorem ipsum quia dolor sit amet
highestCommon was 28  vs common 0
Checking uptatem. against ctetur, adipisci velit, sed quia non numqua
highestCommon was 28  vs common 0
Checking uptatem. against unt ut labore et dolore magnam aliquam qu
highestCommon was 28  vs common 1
Checking uptatem. against us modi tempora incid
highestCommon was 28  vs common 0
Checking uptatem. against Neque porro quisquam est, qui dolorem i
highestCommon was 28  vs common 0
Checking uptatem. against uam eius modi tem
highestCommon was 28  vs common 0
Checking uptatem. against pora inc
highestCommon was 28  vs common 0
[...]

4 uam eius modi tempora incid

5 Neque porro quisquam est, qui dolorem i

6 pora inc

7 am al

PAIR uam eius modi tempora incid(4) | pora incidunt ut labore et dolore magnam aliquam qu(1)
mergedWord pora incidunt ut labore et dolore magnam aliquam quam eius modi tempora incid
updatedList after 
0 iquam quaerat voluptatem.

1 uptatem.

2 lorem ipsum quia dolor sit amet, consectetur, adipisci velit, sed quia non numquam ei dolorem ipsum qu

3 pora incidunt ut labore et dolore magnam aliquam quam eius modi tempora incid

4 Neque porro quisquam est, qui dolorem i

5 pora inc

6 am al

Checking iquam quaerat voluptatem. against uptatem.
highestCommon was 8  vs common 8
Checking iquam quaerat voluptatem. against lorem ipsum quia dolor sit amet, consectetur, adipisci velit, sed quia non numquam ei dolorem ipsum qu
highestCommon was 8  vs common 0
Checking iquam quaerat voluptatem. against pora incidunt ut labore et dolore magnam aliquam quam eius modi tempora incid
highestCommon was 8  vs common 0
Checking iquam quaerat voluptatem. against Neque porro quisquam est, qui dolorem i
highestCommon was 8  vs common 1
Checking iquam quaerat voluptatem. against pora inc
highestCommon was 8  vs common 0
Checking iquam quaerat voluptatem. against am al
highestCommon was 8  vs common 0
Checking uptatem. against iquam quaerat voluptatem.
highestCommon was 8  vs common 8
Checking uptatem. against lorem ipsum quia dolor sit amet, consectetur, adipisci velit, sed quia non numquam ei dolorem ipsum qu
highestCommon was 8  vs common 1
Checking uptatem. against pora incidunt ut labore et dolore magnam aliquam quam eius modi tempora incid
highestCommon was 8  vs common 0
Checking uptatem. against Neque porro quisquam est, qui dolorem i
highestCommon was 8  vs common 0
Checking uptatem. against pora inc
highestCommon was 8  vs common 0
Checking uptatem. against am al
highestCommon was 8  vs common 0
Checking lorem ipsum quia dolor sit amet, consectetur, adipisci velit, sed quia non numquam ei dolorem ipsum qu against iquam quaerat voluptatem.
highestCommon was 8  vs common 0
Checking lorem ipsum quia dolor sit amet, consectetur, adipisci velit, sed quia non numquam ei dolorem ipsum qu against uptatem.
highestCommon was 8  vs common 1
Checking lorem ipsum quia dolor sit amet, consectetur, adipisci velit, sed quia non numquam ei dolorem ipsum qu against pora incidunt ut labore et dolore magnam aliquam quam eius modi tempora incid
highestCommon was 8  vs common 0
Checking lorem ipsum quia dolor sit amet, consectetur, adipisci velit, sed quia non numquam ei dolorem ipsum qu against Neque porro quisquam est, qui dolorem i
highestCommon was 8  vs common 7
Checking lorem ipsum quia dolor sit amet, consectetur, adipisci velit, sed quia non numquam ei dolorem ipsum qu against pora inc
highestCommon was 8  vs common 0
Checking lorem ipsum quia dolor sit amet, consectetur, adipisci velit, sed quia non numquam ei dolorem ipsum qu against am al
highestCommon was 8  vs common 1
Checking pora incidunt ut labore et dolore magnam aliquam quam eius modi tempora incid against iquam quaerat voluptatem.
highestCommon was 8  vs common 0
Checking pora incidunt ut labore et dolore magnam aliquam quam eius modi tempora incid against uptatem.
highestCommon was 8  vs common 0
Checking pora incidunt ut labore et dolore magnam aliquam quam eius modi tempora incid against lorem ipsum quia dolor sit amet, consectetur, adipisci velit, sed quia non numquam ei dolorem ipsum qu
highestCommon was 8  vs common 0
Checking pora incidunt ut labore et dolore magnam aliquam quam eius modi tempora incid against Neque porro quisquam est, qui dolorem i
highestCommon was 8  vs common 0
Checking pora incidunt ut labore et dolore magnam aliquam quam eius modi tempora incid against pora inc
highestCommon was 8  vs common 8
Checking pora incidunt ut labore et dolore magnam aliquam quam eius modi tempora incid against am al
highestCommon was 8  vs common 5
Checking Neque porro quisquam est, qui dolorem i against iquam quaerat voluptatem.
highestCommon was 8  vs common 1
Checking Neque porro quisquam est, qui dolorem i against uptatem.
highestCommon was 8  vs common 0
Checking Neque porro quisquam est, qui dolorem i against lorem ipsum quia dolor sit amet, consectetur, adipisci velit, sed quia non numquam ei dolorem ipsum qu
highestCommon was 8  vs common 7
Checking Neque porro quisquam est, qui dolorem i against pora incidunt ut labore et dolore magnam aliquam quam eius modi tempora incid
highestCommon was 8  vs common 0
Checking Neque porro quisquam est, qui dolorem i against pora inc
highestCommon was 8  vs common 0
Checking Neque porro quisquam est, qui dolorem i against am al
highestCommon was 8  vs common 0
Checking pora inc against iquam quaerat voluptatem.
highestCommon was 8  vs common 0
Checking pora inc against uptatem.
highestCommon was 8  vs common 0
Checking pora inc against lorem ipsum quia dolor sit amet, consectetur, adipisci velit, sed quia non numquam ei dolorem ipsum qu
highestCommon was 8  vs common 0
Checking pora inc against pora incidunt ut labore et dolore magnam aliquam quam eius modi tempora incid
highestCommon was 8  vs common 8
Checking pora inc against Neque porro quisquam est, qui dolorem i
highestCommon was 8  vs common 0
Checking pora inc against am al
highestCommon was 8  vs common 0
Checking am al against iquam quaerat voluptatem.
highestCommon was 8  vs common 0
Checking am al against uptatem.
highestCommon was 8  vs common 0
Checking am al against lorem ipsum quia dolor sit amet, consectetur, adipisci velit, sed quia non numquam ei dolorem ipsum qu
highestCommon was 8  vs common 1
Checking am al against pora incidunt ut labore et dolore magnam aliquam quam eius modi tempora incid
highestCommon was 8  vs common 5
Checking am al against Neque porro quisquam est, qui dolorem i
highestCommon was 8  vs common 0
Checking am al against pora inc
highestCommon was 8  vs common 0
highestCommon was 8  vs common 0
LIST before 
0 iquam quaerat voluptatem.

1 uptatem.

2 lorem ipsum quia dolor sit amet, consectetur, adipisci velit, sed quia non numquam ei dolorem ipsum qu

3 pora incidunt ut labore et dolore magnam aliquam quam eius modi tempora incid

4 Neque porro quisquam est, qui dolorem i

5 pora inc

6 am al

PAIR iquam quaerat voluptatem.(0) | uptatem.(1)
mergedWord iquam quaerat voluptatem.
updatedList after 
0 iquam quaerat voluptatem.

1 lorem ipsum quia dolor sit amet, consectetur, adipisci velit, sed quia non numquam ei dolorem ipsum qu

2 pora incidunt ut labore et dolore magnam aliquam quam eius modi tempora incid

3 Neque porro quisquam est, qui dolorem i

4 pora inc

5 am al

Checking iquam quaerat voluptatem. against lorem ipsum quia dolor sit amet, consectetur, adipisci velit, sed quia non numquam ei dolorem ipsum qu
highestCommon was 0  vs common 0
Checking iquam quaerat voluptatem. against pora incidunt ut labore et dolore magnam aliquam quam eius modi tempora incid
highestCommon was 0  vs common 0
Checking iquam quaerat voluptatem. against Neque porro quisquam est, qui dolorem i
highestCommon was 1  vs common 1
Checking iquam quaerat voluptatem. against pora inc
highestCommon was 1  vs common 0
Checking iquam quaerat voluptatem. against am al
highestCommon was 1  vs common 0
Checking lorem ipsum quia dolor sit amet, consectetur, adipisci velit, sed quia non numquam ei dolorem ipsum qu against iquam quaerat voluptatem.
highestCommon was 1  vs common 0
Checking lorem ipsum quia dolor sit amet, consectetur, adipisci velit, sed quia non numquam ei dolorem ipsum qu against pora incidunt ut labore et dolore magnam aliquam quam eius modi tempora incid
highestCommon was 1  vs common 0
Checking lorem ipsum quia dolor sit amet, consectetur, adipisci velit, sed quia non numquam ei dolorem ipsum qu against Neque porro quisquam est, qui dolorem i
highestCommon was 7  vs common 7
Checking lorem ipsum quia dolor sit amet, consectetur, adipisci velit, sed quia non numquam ei dolorem ipsum qu against pora inc
highestCommon was 7  vs common 0
Checking lorem ipsum quia dolor sit amet, consectetur, adipisci velit, sed quia non numquam ei dolorem ipsum qu against am al
highestCommon was 7  vs common 1
Checking pora incidunt ut labore et dolore magnam aliquam quam eius modi tempora incid against iquam quaerat voluptatem.
highestCommon was 7  vs common 0
Checking pora incidunt ut labore et dolore magnam aliquam quam eius modi tempora incid against lorem ipsum quia dolor sit amet, consectetur, adipisci velit, sed quia non numquam ei dolorem ipsum qu
highestCommon was 7  vs common 0
Checking pora incidunt ut labore et dolore magnam aliquam quam eius modi tempora incid against Neque porro quisquam est, qui dolorem i
highestCommon was 7  vs common 0
Checking pora incidunt ut labore et dolore magnam aliquam quam eius modi tempora incid against pora inc
highestCommon was 8  vs common 8
Checking pora incidunt ut labore et dolore magnam aliquam quam eius modi tempora incid against am al
highestCommon was 8  vs common 5
Checking Neque porro quisquam est, qui dolorem i against iquam quaerat voluptatem.
highestCommon was 8  vs common 1
Checking Neque porro quisquam est, qui dolorem i against lorem ipsum quia dolor sit amet, consectetur, adipisci velit, sed quia non numquam ei dolorem ipsum qu
highestCommon was 8  vs common 7
Checking Neque porro quisquam est, qui dolorem i against pora incidunt ut labore et dolore magnam aliquam quam eius modi tempora incid
highestCommon was 8  vs common 0
Checking Neque porro quisquam est, qui dolorem i against pora inc
highestCommon was 8  vs common 0
Checking Neque porro quisquam est, qui dolorem i against am al
highestCommon was 8  vs common 0
Checking pora inc against iquam quaerat voluptatem.
highestCommon was 8  vs common 0
Checking pora inc against lorem ipsum quia dolor sit amet, consectetur, adipisci velit, sed quia non numquam ei dolorem ipsum qu
highestCommon was 8  vs common 0
Checking pora inc against pora incidunt ut labore et dolore magnam aliquam quam eius modi tempora incid
highestCommon was 8  vs common 8
Checking pora inc against Neque porro quisquam est, qui dolorem i
highestCommon was 8  vs common 0
Checking pora inc against am al
highestCommon was 8  vs common 0
Checking am al against iquam quaerat voluptatem.
highestCommon was 8  vs common 0
Checking am al against lorem ipsum quia dolor sit amet, consectetur, adipisci velit, sed quia non numquam ei dolorem ipsum qu
highestCommon was 8  vs common 1
Checking am al against pora incidunt ut labore et dolore magnam aliquam quam eius modi tempora incid
highestCommon was 8  vs common 5
Checking am al against Neque porro quisquam est, qui dolorem i
highestCommon was 8  vs common 0
Checking am al against pora inc
highestCommon was 8  vs common 0
highestCommon was 8  vs common 0
LIST before 
0 iquam quaerat voluptatem.

1 lorem ipsum quia dolor sit amet, consectetur, adipisci velit, sed quia non numquam ei dolorem ipsum qu

2 pora incidunt ut labore et dolore magnam aliquam quam eius modi tempora incid

3 Neque porro quisquam est, qui dolorem i

4 pora inc

5 am al

PAIR pora incidunt ut labore et dolore magnam aliquam quam eius modi tempora incid(2) | pora inc(4)
mergedWord pora incidunt ut labore et dolore magnam aliquam quam eius modi tempora incid
updatedList after 
0 iquam quaerat voluptatem.

1 lorem ipsum quia dolor sit amet, consectetur, adipisci velit, sed quia non numquam ei dolorem ipsum qu

2 pora incidunt ut labore et dolore magnam aliquam quam eius modi tempora incid

3 Neque porro quisquam est, qui dolorem i

4 am al

Checking iquam quaerat voluptatem. against lorem ipsum quia dolor sit amet, consectetur, adipisci velit, sed quia non numquam ei dolorem ipsum qu
highestCommon was 0  vs common 0
Checking iquam quaerat voluptatem. against pora incidunt ut labore et dolore magnam aliquam quam eius modi tempora incid
highestCommon was 0  vs common 0
Checking iquam quaerat voluptatem. against Neque porro quisquam est, qui dolorem i
highestCommon was 1  vs common 1
Checking iquam quaerat voluptatem. against am al
highestCommon was 1  vs common 0
Checking lorem ipsum quia dolor sit amet, consectetur, adipisci velit, sed quia non numquam ei dolorem ipsum qu against iquam quaerat voluptatem.
highestCommon was 1  vs common 0
Checking lorem ipsum quia dolor sit amet, consectetur, adipisci velit, sed quia non numquam ei dolorem ipsum qu against pora incidunt ut labore et dolore magnam aliquam quam eius modi tempora incid
highestCommon was 1  vs common 0
Checking lorem ipsum quia dolor sit amet, consectetur, adipisci velit, sed quia non numquam ei dolorem ipsum qu against Neque porro quisquam est, qui dolorem i
highestCommon was 7  vs common 7
Checking lorem ipsum quia dolor sit amet, consectetur, adipisci velit, sed quia non numquam ei dolorem ipsum qu against am al
highestCommon was 7  vs common 1
Checking pora incidunt ut labore et dolore magnam aliquam quam eius modi tempora incid against iquam quaerat voluptatem.
highestCommon was 7  vs common 0
Checking pora incidunt ut labore et dolore magnam aliquam quam eius modi tempora incid against lorem ipsum quia dolor sit amet, consectetur, adipisci velit, sed quia non numquam ei dolorem ipsum qu
highestCommon was 7  vs common 0
Checking pora incidunt ut labore et dolore magnam aliquam quam eius modi tempora incid against Neque porro quisquam est, qui dolorem i
highestCommon was 7  vs common 0
Checking pora incidunt ut labore et dolore magnam aliquam quam eius modi tempora incid against am al
highestCommon was 7  vs common 5
Checking Neque porro quisquam est, qui dolorem i against iquam quaerat voluptatem.
highestCommon was 7  vs common 1
Checking Neque porro quisquam est, qui dolorem i against lorem ipsum quia dolor sit amet, consectetur, adipisci velit, sed quia non numquam ei dolorem ipsum qu
highestCommon was 7  vs common 7
Checking Neque porro quisquam est, qui dolorem i against pora incidunt ut labore et dolore magnam aliquam quam eius modi tempora incid
highestCommon was 7  vs common 0
Checking Neque porro quisquam est, qui dolorem i against am al
highestCommon was 7  vs common 0
Checking am al against iquam quaerat voluptatem.
highestCommon was 7  vs common 0
Checking am al against lorem ipsum quia dolor sit amet, consectetur, adipisci velit, sed quia non numquam ei dolorem ipsum qu
highestCommon was 7  vs common 1
Checking am al against pora incidunt ut labore et dolore magnam aliquam quam eius modi tempora incid
highestCommon was 7  vs common 5
Checking am al against Neque porro quisquam est, qui dolorem i
highestCommon was 7  vs common 0
highestCommon was 7  vs common 0
LIST before 
0 iquam quaerat voluptatem.

1 lorem ipsum quia dolor sit amet, consectetur, adipisci velit, sed quia non numquam ei dolorem ipsum qu

2 pora incidunt ut labore et dolore magnam aliquam quam eius modi tempora incid

3 Neque porro quisquam est, qui dolorem i

4 am al

PAIR lorem ipsum quia dolor sit amet, consectetur, adipisci velit, sed quia non numquam ei dolorem ipsum qu(1) | Neque porro quisquam est, qui dolorem i(3)
mergedWord Neque porro quisquam est, qui dolorem ipsum quia dolor sit amet, consectetur, adipisci velit, sed quia non numquam ei dolorem ipsum qu
updatedList after 
0 iquam quaerat voluptatem.

1 Neque porro quisquam est, qui dolorem ipsum quia dolor sit amet, consectetur, adipisci velit, sed quia non numquam ei dolorem ipsum qu

2 pora incidunt ut labore et dolore magnam aliquam quam eius modi tempora incid

3 am al

Checking iquam quaerat voluptatem. against Neque porro quisquam est, qui dolorem ipsum quia dolor sit amet, consectetur, adipisci velit, sed quia non numquam ei dolorem ipsum qu
highestCommon was 0  vs common 0
Checking iquam quaerat voluptatem. against pora incidunt ut labore et dolore magnam aliquam quam eius modi tempora incid
highestCommon was 0  vs common 0
Checking iquam quaerat voluptatem. against am al
highestCommon was 0  vs common 0
Checking Neque porro quisquam est, qui dolorem ipsum quia dolor sit amet, consectetur, adipisci velit, sed quia non numquam ei dolorem ipsum qu against iquam quaerat voluptatem.
highestCommon was 0  vs common 0
Checking Neque porro quisquam est, qui dolorem ipsum quia dolor sit amet, consectetur, adipisci velit, sed quia non numquam ei dolorem ipsum qu against pora incidunt ut labore et dolore magnam aliquam quam eius modi tempora incid
highestCommon was 0  vs common 0
Checking Neque porro quisquam est, qui dolorem ipsum quia dolor sit amet, consectetur, adipisci velit, sed quia non numquam ei dolorem ipsum qu against am al
highestCommon was 0  vs common 0
Checking pora incidunt ut labore et dolore magnam aliquam quam eius modi tempora incid against iquam quaerat voluptatem.
highestCommon was 0  vs common 0
Checking pora incidunt ut labore et dolore magnam aliquam quam eius modi tempora incid against Neque porro quisquam est, qui dolorem ipsum quia dolor sit amet, consectetur, adipisci velit, sed quia non numquam ei dolorem ipsum qu
highestCommon was 0  vs common 0
Checking pora incidunt ut labore et dolore magnam aliquam quam eius modi tempora incid against am al
highestCommon was 5  vs common 5
Checking am al against iquam quaerat voluptatem.
highestCommon was 5  vs common 0
Checking am al against Neque porro quisquam est, qui dolorem ipsum quia dolor sit amet, consectetur, adipisci velit, sed quia non numquam ei dolorem ipsum qu
highestCommon was 5  vs common 0
Checking am al against pora incidunt ut labore et dolore magnam aliquam quam eius modi tempora incid
highestCommon was 5  vs common 5
highestCommon was 5  vs common 5
LIST before 
0 iquam quaerat voluptatem.

1 Neque porro quisquam est, qui dolorem ipsum quia dolor sit amet, consectetur, adipisci velit, sed quia non numquam ei dolorem ipsum qu

2 pora incidunt ut labore et dolore magnam aliquam quam eius modi tempora incid

3 am al

PAIR pora incidunt ut labore et dolore magnam aliquam quam eius modi tempora incid(2) | am al(3)
mergedWord pora incidunt ut labore et dolore magnam aliquam quam eius modi tempora incid
updatedList after 
0 iquam quaerat voluptatem.

1 Neque porro quisquam est, qui dolorem ipsum quia dolor sit amet, consectetur, adipisci velit, sed quia non numquam ei dolorem ipsum qu

2 pora incidunt ut labore et dolore magnam aliquam quam eius modi tempora incid

Checking iquam quaerat voluptatem. against Neque porro quisquam est, qui dolorem ipsum quia dolor sit amet, consectetur, adipisci velit, sed quia non numquam ei dolorem ipsum qu
highestCommon was 0  vs common 0
Checking iquam quaerat voluptatem. against pora incidunt ut labore et dolore magnam aliquam quam eius modi tempora incid
highestCommon was 0  vs common 0
Checking Neque porro quisquam est, qui dolorem ipsum quia dolor sit amet, consectetur, adipisci velit, sed quia non numquam ei dolorem ipsum qu against iquam quaerat voluptatem.
highestCommon was 0  vs common 0
Checking Neque porro quisquam est, qui dolorem ipsum quia dolor sit amet, consectetur, adipisci velit, sed quia non numquam ei dolorem ipsum qu against pora incidunt ut labore et dolore magnam aliquam quam eius modi tempora incid
highestCommon was 0  vs common 0
Checking pora incidunt ut labore et dolore magnam aliquam quam eius modi tempora incid against iquam quaerat voluptatem.
highestCommon was 0  vs common 0
Checking pora incidunt ut labore et dolore magnam aliquam quam eius modi tempora incid against Neque porro quisquam est, qui dolorem ipsum quia dolor sit amet, consectetur, adipisci velit, sed quia non numquam ei dolorem ipsum qu
highestCommon was 0  vs common 0
highestCommon was 0  vs common 0
</system-out>
  </testcase>
  <testcase classname="com.oddschecker.paperpuzzle.TextProcessorTest" name="checkIfHighestCommonCharPairsComeBackCorrectly" time="0.001"/>
  <testcase classname="com.oddschecker.paperpuzzle.TextProcessorTest" name="checkIf_2_words_not_entirely_substrings_can_be_merged_correctly_when_switched" time="0"/>
</testsuite>